TN:Musicial_test
SF:/usr/include/c++/9/typeinfo
FN:120,_ZNKSt9type_infoeqERKS_
FNDA:2,_ZNKSt9type_infoeqERKS_
DA:120,2
DA:122,2
DA:123,2
DA:124,2
end_of_record
SF:/usr/include/c++/9/bits/stl_algobase.h
FN:198,_ZSt3minImERKT_S2_S2_
FNDA:0,_ZSt3minImERKT_S2_S2_
FN:222,_ZSt3maxImERKT_S2_S2_
FNDA:0,_ZSt3maxImERKT_S2_S2_
FN:280,_ZSt12__niter_baseIPSt10shared_ptrIN7testing8internal15ExpectationBaseEEET_S6_
FNDA:18,_ZSt12__niter_baseIPSt10shared_ptrIN7testing8internal15ExpectationBaseEEET_S6_
FN:280,_ZSt12__niter_baseIPN9sharedLib8PlatformEET_S3_
FNDA:0,_ZSt12__niter_baseIPN9sharedLib8PlatformEET_S3_
FN:280,_ZSt12__niter_baseIPN9sharedLib4SongEET_S3_
FNDA:0,_ZSt12__niter_baseIPN9sharedLib4SongEET_S3_
FN:280,_ZSt12__niter_baseIPN9sharedLib8PlaylistEET_S3_
FNDA:0,_ZSt12__niter_baseIPN9sharedLib8PlaylistEET_S3_
FN:295,_ZSt12__niter_wrapIPN9sharedLib8PlatformEET_RKS3_S3_
FNDA:0,_ZSt12__niter_wrapIPN9sharedLib8PlatformEET_RKS3_S3_
FN:375,_ZNSt11__copy_moveILb1ELb1ESt26random_access_iterator_tagE8__copy_mIN9sharedLib8PlatformEEEPT_PKS5_S8_S6_
FNDA:0,_ZNSt11__copy_moveILb1ELb1ESt26random_access_iterator_tagE8__copy_mIN9sharedLib8PlatformEEEPT_PKS5_S8_S6_
FN:393,_ZSt13__copy_move_aILb1EPN9sharedLib8PlatformES2_ET1_T0_S4_S3_
FNDA:0,_ZSt13__copy_move_aILb1EPN9sharedLib8PlatformES2_ET1_T0_S4_S3_
FN:438,_ZSt14__copy_move_a2ILb1EPN9sharedLib8PlatformES2_ET1_T0_S4_S3_
FNDA:0,_ZSt14__copy_move_a2ILb1EPN9sharedLib8PlatformES2_ET1_T0_S4_S3_
FN:465,_ZSt4copyISt13move_iteratorIPN9sharedLib8PlatformEES3_ET0_T_S6_S5_
FNDA:0,_ZSt4copyISt13move_iteratorIPN9sharedLib8PlatformEES3_ET0_T_S6_S5_
DA:198,0
DA:203,0
DA:204,0
DA:205,0
DA:222,0
DA:227,0
DA:228,0
DA:229,0
DA:280,18
DA:282,18
DA:280,0
DA:282,0
DA:280,0
DA:282,0
DA:280,0
DA:282,0
DA:295,0
DA:296,0
DA:375,0
DA:384,0
DA:385,0
DA:386,0
DA:387,0
DA:393,0
DA:398,0
DA:404,0
DA:438,0
DA:440,0
DA:443,0
DA:465,0
DA:474,0
end_of_record
SF:/usr/include/c++/9/iostream
end_of_record
SF:/usr/include/c++/9/bits/stl_iterator_base_types.h
FN:205,_ZSt19__iterator_categoryIPcENSt15iterator_traitsIT_E17iterator_categoryERKS2_
FNDA:0,_ZSt19__iterator_categoryIPcENSt15iterator_traitsIT_E17iterator_categoryERKS2_
FN:205,_ZSt19__iterator_categoryIPKcENSt15iterator_traitsIT_E17iterator_categoryERKS3_
FNDA:0,_ZSt19__iterator_categoryIPKcENSt15iterator_traitsIT_E17iterator_categoryERKS3_
FN:205,_ZSt19__iterator_categoryIN9__gnu_cxx17__normal_iteratorIPN9sharedLib4SongESt6vectorIS3_SaIS3_EEEEENSt15iterator_traitsIT_E17iterator_categoryERKSA_
FNDA:3,_ZSt19__iterator_categoryIN9__gnu_cxx17__normal_iteratorIPN9sharedLib4SongESt6vectorIS3_SaIS3_EEEEENSt15iterator_traitsIT_E17iterator_categoryERKSA_
FN:205,_ZSt19__iterator_categoryIN9__gnu_cxx17__normal_iteratorIPN9sharedLib8PlaylistESt6vectorIS3_SaIS3_EEEEENSt15iterator_traitsIT_E17iterator_categoryERKSA_
FNDA:3,_ZSt19__iterator_categoryIN9__gnu_cxx17__normal_iteratorIPN9sharedLib8PlaylistESt6vectorIS3_SaIS3_EEEEENSt15iterator_traitsIT_E17iterator_categoryERKSA_
DA:205,0
DA:206,0
DA:205,0
DA:206,0
DA:205,3
DA:206,3
DA:205,3
DA:206,3
end_of_record
SF:/usr/include/c++/9/tuple
FN:76,_ZNSt10_Head_baseILm1ESt14default_deleteIN7testing8internal18ActionResultHolderIvEEELb1EEC2Ev
FNDA:4,_ZNSt10_Head_baseILm1ESt14default_deleteIN7testing8internal18ActionResultHolderIvEEELb1EEC2Ev
FN:113,_ZNSt10_Head_baseILm1ESt14default_deleteINSt7__cxx1118basic_stringstreamIcSt11char_traitsIcESaIcEEEELb1EE7_M_headERS8_
FNDA:66,_ZNSt10_Head_baseILm1ESt14default_deleteINSt7__cxx1118basic_stringstreamIcSt11char_traitsIcESaIcEEEELb1EE7_M_headERS8_
FN:113,_ZNSt10_Head_baseILm1ESt14default_deleteINSt7__cxx1112basic_stringIcSt11char_traitsIcESaIcEEEELb1EE7_M_headERS8_
FNDA:0,_ZNSt10_Head_baseILm1ESt14default_deleteINSt7__cxx1112basic_stringIcSt11char_traitsIcESaIcEEEELb1EE7_M_headERS8_
FN:113,_ZNSt10_Head_baseILm1ESt14default_deleteIN7testing8internal18ActionResultHolderIvEEELb1EE7_M_headERS6_
FNDA:4,_ZNSt10_Head_baseILm1ESt14default_deleteIN7testing8internal18ActionResultHolderIvEEELb1EE7_M_headERS6_
FN:122,_ZNSt10_Head_baseILm0EPN7testing8internal18ActionResultHolderIvEELb0EEC2Ev
FNDA:4,_ZNSt10_Head_baseILm0EPN7testing8internal18ActionResultHolderIvEELb0EEC2Ev
FN:132,_ZNSt10_Head_baseILm1EPKN7testing8internal15AnythingMatcherELb0EEC2IS4_EEOT_
FNDA:0,_ZNSt10_Head_baseILm1EPKN7testing8internal15AnythingMatcherELb0EEC2IS4_EEOT_
FN:132,_ZNSt10_Head_baseILm0EPKN7testing8internal11MatcherBaseIRKSt5tupleIJEEEELb0EEC2IS9_EEOT_
FNDA:0,_ZNSt10_Head_baseILm0EPKN7testing8internal11MatcherBaseIRKSt5tupleIJEEEELb0EEC2IS9_EEOT_
FN:160,_ZNSt10_Head_baseILm0EPKN7testing8internal11MatcherBaseIRKSt5tupleIJEEEELb0EE7_M_headERSA_
FNDA:0,_ZNSt10_Head_baseILm0EPKN7testing8internal11MatcherBaseIRKSt5tupleIJEEEELb0EE7_M_headERSA_
FN:160,_ZNSt10_Head_baseILm0EPNSt7__cxx1118basic_stringstreamIcSt11char_traitsIcESaIcEEELb0EE7_M_headERS7_
FNDA:132,_ZNSt10_Head_baseILm0EPNSt7__cxx1118basic_stringstreamIcSt11char_traitsIcESaIcEEELb0EE7_M_headERS7_
FN:160,_ZNSt10_Head_baseILm0EPNSt7__cxx1112basic_stringIcSt11char_traitsIcESaIcEEELb0EE7_M_headERS7_
FNDA:12,_ZNSt10_Head_baseILm0EPNSt7__cxx1112basic_stringIcSt11char_traitsIcESaIcEEELb0EE7_M_headERS7_
FN:160,_ZNSt10_Head_baseILm0EPN7testing8internal18ActionResultHolderIvEELb0EE7_M_headERS5_
FNDA:8,_ZNSt10_Head_baseILm0EPN7testing8internal18ActionResultHolderIvEELb0EE7_M_headERS5_
FN:163,_ZNSt10_Head_baseILm0EPNSt7__cxx1112basic_stringIcSt11char_traitsIcESaIcEEELb0EE7_M_headERKS7_
FNDA:0,_ZNSt10_Head_baseILm0EPNSt7__cxx1112basic_stringIcSt11char_traitsIcESaIcEEELb0EE7_M_headERKS7_
FN:163,_ZNSt10_Head_baseILm0EPN7testing8internal11ThreadLocalIPNS0_8SequenceEE18ValueHolderFactoryELb0EE7_M_headERKS8_
FNDA:1,_ZNSt10_Head_baseILm0EPN7testing8internal11ThreadLocalIPNS0_8SequenceEE18ValueHolderFactoryELb0EE7_M_headERKS8_
FN:163,_ZNSt10_Head_baseILm0EPN7testing8internal18ActionResultHolderIvEELb0EE7_M_headERKS5_
FNDA:4,_ZNSt10_Head_baseILm0EPN7testing8internal18ActionResultHolderIvEELb0EE7_M_headERKS5_
FN:195,_ZNSt11_Tuple_implILm0EJPN7testing8internal18ActionResultHolderIvEESt14default_deleteIS3_EEE7_M_headERS7_
FNDA:8,_ZNSt11_Tuple_implILm0EJPN7testing8internal18ActionResultHolderIvEESt14default_deleteIS3_EEE7_M_headERS7_
FN:195,_ZNSt11_Tuple_implILm0EJPNSt7__cxx1112basic_stringIcSt11char_traitsIcESaIcEEESt14default_deleteIS5_EEE7_M_headERS9_
FNDA:12,_ZNSt11_Tuple_implILm0EJPNSt7__cxx1112basic_stringIcSt11char_traitsIcESaIcEEESt14default_deleteIS5_EEE7_M_headERS9_
FN:195,_ZNSt11_Tuple_implILm0EJPNSt7__cxx1118basic_stringstreamIcSt11char_traitsIcESaIcEEESt14default_deleteIS5_EEE7_M_headERS9_
FNDA:132,_ZNSt11_Tuple_implILm0EJPNSt7__cxx1118basic_stringstreamIcSt11char_traitsIcESaIcEEESt14default_deleteIS5_EEE7_M_headERS9_
FN:195,_ZNSt11_Tuple_implILm0EJPKN7testing8internal11MatcherBaseIRKSt5tupleIJEEEEPKNS1_15AnythingMatcherEEE7_M_headERSD_
FNDA:0,_ZNSt11_Tuple_implILm0EJPKN7testing8internal11MatcherBaseIRKSt5tupleIJEEEEPKNS1_15AnythingMatcherEEE7_M_headERSD_
FN:198,_ZNSt11_Tuple_implILm0EJPN7testing8internal11ThreadLocalIPNS0_8SequenceEE18ValueHolderFactoryESt14default_deleteIS6_EEE7_M_headERKSA_
FNDA:1,_ZNSt11_Tuple_implILm0EJPN7testing8internal11ThreadLocalIPNS0_8SequenceEE18ValueHolderFactoryESt14default_deleteIS6_EEE7_M_headERKSA_
FN:198,_ZNSt11_Tuple_implILm0EJPN7testing8internal18ActionResultHolderIvEESt14default_deleteIS3_EEE7_M_headERKS7_
FNDA:4,_ZNSt11_Tuple_implILm0EJPN7testing8internal18ActionResultHolderIvEESt14default_deleteIS3_EEE7_M_headERKS7_
FN:198,_ZNSt11_Tuple_implILm0EJPNSt7__cxx1112basic_stringIcSt11char_traitsIcESaIcEEESt14default_deleteIS5_EEE7_M_headERKS9_
FNDA:0,_ZNSt11_Tuple_implILm0EJPNSt7__cxx1112basic_stringIcSt11char_traitsIcESaIcEEESt14default_deleteIS5_EEE7_M_headERKS9_
FN:206,_ZNSt11_Tuple_implILm0EJPN7testing8internal18ActionResultHolderIvEESt14default_deleteIS3_EEEC2Ev
FNDA:4,_ZNSt11_Tuple_implILm0EJPN7testing8internal18ActionResultHolderIvEESt14default_deleteIS3_EEEC2Ev
FN:216,_ZNSt11_Tuple_implILm0EJPKN7testing8internal11MatcherBaseIRKSt5tupleIJEEEEPKNS1_15AnythingMatcherEEEC2IS9_JSC_EvEEOT_DpOT0_
FNDA:0,_ZNSt11_Tuple_implILm0EJPKN7testing8internal11MatcherBaseIRKSt5tupleIJEEEEPKNS1_15AnythingMatcherEEEC2IS9_JSC_EvEEOT_DpOT0_
FN:334,_ZNSt11_Tuple_implILm1EJSt14default_deleteIN7testing8internal18ActionResultHolderIvEEEEE7_M_headERS6_
FNDA:4,_ZNSt11_Tuple_implILm1EJSt14default_deleteIN7testing8internal18ActionResultHolderIvEEEEE7_M_headERS6_
FN:334,_ZNSt11_Tuple_implILm1EJSt14default_deleteINSt7__cxx1118basic_stringstreamIcSt11char_traitsIcESaIcEEEEEE7_M_headERS8_
FNDA:66,_ZNSt11_Tuple_implILm1EJSt14default_deleteINSt7__cxx1118basic_stringstreamIcSt11char_traitsIcESaIcEEEEEE7_M_headERS8_
FN:334,_ZNSt11_Tuple_implILm1EJSt14default_deleteINSt7__cxx1112basic_stringIcSt11char_traitsIcESaIcEEEEEE7_M_headERS8_
FNDA:0,_ZNSt11_Tuple_implILm1EJSt14default_deleteINSt7__cxx1112basic_stringIcSt11char_traitsIcESaIcEEEEEE7_M_headERS8_
FN:339,_ZNSt11_Tuple_implILm1EJSt14default_deleteIN7testing8internal18ActionResultHolderIvEEEEEC2Ev
FNDA:4,_ZNSt11_Tuple_implILm1EJSt14default_deleteIN7testing8internal18ActionResultHolderIvEEEEEC2Ev
FN:348,_ZNSt11_Tuple_implILm1EJPKN7testing8internal15AnythingMatcherEEEC2IS4_EEOT_
FNDA:0,_ZNSt11_Tuple_implILm1EJPKN7testing8internal15AnythingMatcherEEEC2IS4_EEOT_
FN:918,_ZNSt5tupleIJPN7testing8internal18ActionResultHolderIvEESt14default_deleteIS3_EEEC2IS4_S6_Lb1EEEv
FNDA:4,_ZNSt5tupleIJPN7testing8internal18ActionResultHolderIvEESt14default_deleteIS3_EEEC2IS4_S6_Lb1EEEv
FN:968,_ZNSt5tupleIJPKN7testing8internal11MatcherBaseIRKS_IJEEEEPKNS1_15AnythingMatcherEEEC2IS8_SB_Lb1EEEOT_OT0_
FNDA:0,_ZNSt5tupleIJPKN7testing8internal11MatcherBaseIRKS_IJEEEEPKNS1_15AnythingMatcherEEEC2IS8_SB_Lb1EEEOT_OT0_
FN:1309,_ZSt12__get_helperILm0EPNSt7__cxx1112basic_stringIcSt11char_traitsIcESaIcEEEJSt14default_deleteIS5_EEERT0_RSt11_Tuple_implIXT_EJS9_DpT1_EE
FNDA:12,_ZSt12__get_helperILm0EPNSt7__cxx1112basic_stringIcSt11char_traitsIcESaIcEEEJSt14default_deleteIS5_EEERT0_RSt11_Tuple_implIXT_EJS9_DpT1_EE
FN:1309,_ZSt12__get_helperILm0EPKN7testing8internal11MatcherBaseIRKSt5tupleIJEEEEJPKNS1_15AnythingMatcherEEERT0_RSt11_Tuple_implIXT_EJSD_DpT1_EE
FNDA:0,_ZSt12__get_helperILm0EPKN7testing8internal11MatcherBaseIRKSt5tupleIJEEEEJPKNS1_15AnythingMatcherEEERT0_RSt11_Tuple_implIXT_EJSD_DpT1_EE
FN:1309,_ZSt12__get_helperILm1ESt14default_deleteINSt7__cxx1118basic_stringstreamIcSt11char_traitsIcESaIcEEEEJEERT0_RSt11_Tuple_implIXT_EJS8_DpT1_EE
FNDA:66,_ZSt12__get_helperILm1ESt14default_deleteINSt7__cxx1118basic_stringstreamIcSt11char_traitsIcESaIcEEEEJEERT0_RSt11_Tuple_implIXT_EJS8_DpT1_EE
FN:1309,_ZSt12__get_helperILm1ESt14default_deleteIN7testing8internal18ActionResultHolderIvEEEJEERT0_RSt11_Tuple_implIXT_EJS6_DpT1_EE
FNDA:4,_ZSt12__get_helperILm1ESt14default_deleteIN7testing8internal18ActionResultHolderIvEEEJEERT0_RSt11_Tuple_implIXT_EJS6_DpT1_EE
FN:1309,_ZSt12__get_helperILm0EPN7testing8internal18ActionResultHolderIvEEJSt14default_deleteIS3_EEERT0_RSt11_Tuple_implIXT_EJS7_DpT1_EE
FNDA:8,_ZSt12__get_helperILm0EPN7testing8internal18ActionResultHolderIvEEJSt14default_deleteIS3_EEERT0_RSt11_Tuple_implIXT_EJS7_DpT1_EE
FN:1309,_ZSt12__get_helperILm1ESt14default_deleteINSt7__cxx1112basic_stringIcSt11char_traitsIcESaIcEEEEJEERT0_RSt11_Tuple_implIXT_EJS8_DpT1_EE
FNDA:0,_ZSt12__get_helperILm1ESt14default_deleteINSt7__cxx1112basic_stringIcSt11char_traitsIcESaIcEEEEJEERT0_RSt11_Tuple_implIXT_EJS8_DpT1_EE
FN:1309,_ZSt12__get_helperILm0EPNSt7__cxx1118basic_stringstreamIcSt11char_traitsIcESaIcEEEJSt14default_deleteIS5_EEERT0_RSt11_Tuple_implIXT_EJS9_DpT1_EE
FNDA:132,_ZSt12__get_helperILm0EPNSt7__cxx1118basic_stringstreamIcSt11char_traitsIcESaIcEEEJSt14default_deleteIS5_EEERT0_RSt11_Tuple_implIXT_EJS9_DpT1_EE
FN:1314,_ZSt12__get_helperILm0EPNSt7__cxx1112basic_stringIcSt11char_traitsIcESaIcEEEJSt14default_deleteIS5_EEERKT0_RKSt11_Tuple_implIXT_EJS9_DpT1_EE
FNDA:0,_ZSt12__get_helperILm0EPNSt7__cxx1112basic_stringIcSt11char_traitsIcESaIcEEEJSt14default_deleteIS5_EEERKT0_RKSt11_Tuple_implIXT_EJS9_DpT1_EE
FN:1314,_ZSt12__get_helperILm0EPN7testing8internal11ThreadLocalIPNS0_8SequenceEE18ValueHolderFactoryEJSt14default_deleteIS6_EEERKT0_RKSt11_Tuple_implIXT_EJSA_DpT1_EE
FNDA:1,_ZSt12__get_helperILm0EPN7testing8internal11ThreadLocalIPNS0_8SequenceEE18ValueHolderFactoryEJSt14default_deleteIS6_EEERKT0_RKSt11_Tuple_implIXT_EJSA_DpT1_EE
FN:1314,_ZSt12__get_helperILm0EPN7testing8internal18ActionResultHolderIvEEJSt14default_deleteIS3_EEERKT0_RKSt11_Tuple_implIXT_EJS7_DpT1_EE
FNDA:4,_ZSt12__get_helperILm0EPN7testing8internal18ActionResultHolderIvEEJSt14default_deleteIS3_EEERKT0_RKSt11_Tuple_implIXT_EJS7_DpT1_EE
FN:1320,_ZSt3getILm1EJPN7testing8internal18ActionResultHolderIvEESt14default_deleteIS3_EEERNSt13tuple_elementIXT_ESt5tupleIJDpT0_EEE4typeERSB_
FNDA:4,_ZSt3getILm1EJPN7testing8internal18ActionResultHolderIvEESt14default_deleteIS3_EEERNSt13tuple_elementIXT_ESt5tupleIJDpT0_EEE4typeERSB_
FN:1320,_ZSt3getILm0EJPN7testing8internal18ActionResultHolderIvEESt14default_deleteIS3_EEERNSt13tuple_elementIXT_ESt5tupleIJDpT0_EEE4typeERSB_
FNDA:8,_ZSt3getILm0EJPN7testing8internal18ActionResultHolderIvEESt14default_deleteIS3_EEERNSt13tuple_elementIXT_ESt5tupleIJDpT0_EEE4typeERSB_
FN:1320,_ZSt3getILm0EJPKN7testing8internal11MatcherBaseIRKSt5tupleIJEEEEPKNS1_15AnythingMatcherEEERNSt13tuple_elementIXT_ES3_IJDpT0_EEE4typeERSG_
FNDA:0,_ZSt3getILm0EJPKN7testing8internal11MatcherBaseIRKSt5tupleIJEEEEPKNS1_15AnythingMatcherEEERNSt13tuple_elementIXT_ES3_IJDpT0_EEE4typeERSG_
FN:1320,_ZSt3getILm1EJPNSt7__cxx1112basic_stringIcSt11char_traitsIcESaIcEEESt14default_deleteIS5_EEERNSt13tuple_elementIXT_ESt5tupleIJDpT0_EEE4typeERSD_
FNDA:0,_ZSt3getILm1EJPNSt7__cxx1112basic_stringIcSt11char_traitsIcESaIcEEESt14default_deleteIS5_EEERNSt13tuple_elementIXT_ESt5tupleIJDpT0_EEE4typeERSD_
FN:1320,_ZSt3getILm0EJPNSt7__cxx1118basic_stringstreamIcSt11char_traitsIcESaIcEEESt14default_deleteIS5_EEERNSt13tuple_elementIXT_ESt5tupleIJDpT0_EEE4typeERSD_
FNDA:132,_ZSt3getILm0EJPNSt7__cxx1118basic_stringstreamIcSt11char_traitsIcESaIcEEESt14default_deleteIS5_EEERNSt13tuple_elementIXT_ESt5tupleIJDpT0_EEE4typeERSD_
FN:1320,_ZSt3getILm1EJPNSt7__cxx1118basic_stringstreamIcSt11char_traitsIcESaIcEEESt14default_deleteIS5_EEERNSt13tuple_elementIXT_ESt5tupleIJDpT0_EEE4typeERSD_
FNDA:66,_ZSt3getILm1EJPNSt7__cxx1118basic_stringstreamIcSt11char_traitsIcESaIcEEESt14default_deleteIS5_EEERNSt13tuple_elementIXT_ESt5tupleIJDpT0_EEE4typeERSD_
FN:1320,_ZSt3getILm0EJPNSt7__cxx1112basic_stringIcSt11char_traitsIcESaIcEEESt14default_deleteIS5_EEERNSt13tuple_elementIXT_ESt5tupleIJDpT0_EEE4typeERSD_
FNDA:12,_ZSt3getILm0EJPNSt7__cxx1112basic_stringIcSt11char_traitsIcESaIcEEESt14default_deleteIS5_EEERNSt13tuple_elementIXT_ESt5tupleIJDpT0_EEE4typeERSD_
FN:1326,_ZSt3getILm0EJPN7testing8internal18ActionResultHolderIvEESt14default_deleteIS3_EEERKNSt13tuple_elementIXT_ESt5tupleIJDpT0_EEE4typeERKSB_
FNDA:4,_ZSt3getILm0EJPN7testing8internal18ActionResultHolderIvEESt14default_deleteIS3_EEERKNSt13tuple_elementIXT_ESt5tupleIJDpT0_EEE4typeERKSB_
FN:1326,_ZSt3getILm0EJPN7testing8internal11ThreadLocalIPNS0_8SequenceEE18ValueHolderFactoryESt14default_deleteIS6_EEERKNSt13tuple_elementIXT_ESt5tupleIJDpT0_EEE4typeERKSE_
FNDA:1,_ZSt3getILm0EJPN7testing8internal11ThreadLocalIPNS0_8SequenceEE18ValueHolderFactoryESt14default_deleteIS6_EEERKNSt13tuple_elementIXT_ESt5tupleIJDpT0_EEE4typeERKSE_
FN:1326,_ZSt3getILm0EJPNSt7__cxx1112basic_stringIcSt11char_traitsIcESaIcEEESt14default_deleteIS5_EEERKNSt13tuple_elementIXT_ESt5tupleIJDpT0_EEE4typeERKSD_
FNDA:0,_ZSt3getILm0EJPNSt7__cxx1112basic_stringIcSt11char_traitsIcESaIcEEESt14default_deleteIS5_EEERKNSt13tuple_elementIXT_ESt5tupleIJDpT0_EEE4typeERKSD_
FN:1332,_ZSt3getILm0EJPKN7testing8internal11MatcherBaseIRKSt5tupleIJEEEEPKNS1_15AnythingMatcherEEEONSt13tuple_elementIXT_ES3_IJDpT0_EEE4typeEOSG_
FNDA:0,_ZSt3getILm0EJPKN7testing8internal11MatcherBaseIRKSt5tupleIJEEEEPKNS1_15AnythingMatcherEEEONSt13tuple_elementIXT_ES3_IJDpT0_EEE4typeEOSG_
FN:1470,_ZSt10make_tupleIJPKN7testing8internal11MatcherBaseIRKSt5tupleIJEEEEPKNS1_15AnythingMatcherEEES3_IJDpNSt17__decay_and_stripIT_E6__typeEEEDpOSE_
FNDA:0,_ZSt10make_tupleIJPKN7testing8internal11MatcherBaseIRKSt5tupleIJEEEEPKNS1_15AnythingMatcherEEES3_IJDpNSt17__decay_and_stripIT_E6__typeEEEDpOSE_
FN:1470,_ZSt10make_tupleIJEESt5tupleIJDpNSt17__decay_and_stripIT_E6__typeEEEDpOS2_
FNDA:3,_ZSt10make_tupleIJEESt5tupleIJDpNSt17__decay_and_stripIT_E6__typeEEEDpOS2_
DA:76,4
DA:77,4
DA:113,4
DA:113,0
DA:113,66
DA:122,4
DA:123,4
DA:132,0
DA:133,0
DA:132,0
DA:133,0
DA:160,0
DA:160,8
DA:160,12
DA:160,132
DA:163,1
DA:163,4
DA:163,0
DA:195,0
DA:195,8
DA:195,12
DA:195,132
DA:198,1
DA:198,4
DA:198,0
DA:206,4
DA:207,4
DA:216,0
DA:218,0
DA:334,4
DA:334,0
DA:334,66
DA:339,4
DA:340,4
DA:348,0
DA:349,0
DA:918,4
DA:919,4
DA:968,0
DA:969,0
DA:1309,0
DA:1310,0
DA:1309,4
DA:1310,4
DA:1309,8
DA:1310,8
DA:1309,0
DA:1310,0
DA:1309,66
DA:1310,66
DA:1309,12
DA:1310,12
DA:1309,132
DA:1310,132
DA:1314,1
DA:1315,1
DA:1314,4
DA:1315,4
DA:1314,0
DA:1315,0
DA:1320,0
DA:1321,0
DA:1320,4
DA:1321,4
DA:1320,8
DA:1321,8
DA:1320,0
DA:1321,0
DA:1320,66
DA:1321,66
DA:1320,12
DA:1321,12
DA:1320,132
DA:1321,132
DA:1326,1
DA:1327,1
DA:1326,4
DA:1327,4
DA:1326,0
DA:1327,0
DA:1332,0
DA:1335,0
DA:1470,0
DA:1474,0
DA:1470,3
DA:1474,3
end_of_record
SF:/usr/include/c++/9/bits/allocator.h
FN:137,_ZNSaIPKvEC2Ev
FNDA:11,_ZNSaIPKvEC2Ev
FN:137,_ZNSaIN9sharedLib8PlatformEEC2Ev
FNDA:0,_ZNSaIN9sharedLib8PlatformEEC2Ev
FN:137,_ZNSaIN9sharedLib4SongEEC2Ev
FNDA:0,_ZNSaIN9sharedLib4SongEEC2Ev
FN:137,_ZNSaIN9sharedLib8PlaylistEEC2Ev
FNDA:0,_ZNSaIN9sharedLib8PlaylistEEC2Ev
FN:137,_ZNSaISt13_Rb_tree_nodeIN7testing11ExpectationEEEC2Ev
FNDA:3,_ZNSaISt13_Rb_tree_nodeIN7testing11ExpectationEEEC2Ev
FN:152,_ZNSaIPKvED2Ev
FNDA:11,_ZNSaIPKvED2Ev
FN:152,_ZNSaIN9sharedLib7MessageEED2Ev
FNDA:0,_ZNSaIN9sharedLib7MessageEED2Ev
FN:152,_ZNSaIN9sharedLib8PlatformEED2Ev
FNDA:0,_ZNSaIN9sharedLib8PlatformEED2Ev
FN:152,_ZNSaIN9sharedLib4SongEED2Ev
FNDA:0,_ZNSaIN9sharedLib4SongEED2Ev
FN:152,_ZNSaIN9sharedLib8PlaylistEED2Ev
FNDA:0,_ZNSaIN9sharedLib8PlaylistEED2Ev
FN:152,_ZNSaISt13_Rb_tree_nodeIN7testing11ExpectationEEED2Ev
FNDA:3,_ZNSaISt13_Rb_tree_nodeIN7testing11ExpectationEEED2Ev
DA:137,11
DA:137,0
DA:137,0
DA:137,0
DA:137,3
DA:152,11
DA:152,0
DA:152,0
DA:152,0
DA:152,0
DA:152,3
end_of_record
SF:/usr/include/c++/9/bits/shared_ptr.h
FN:129,_ZNSt10shared_ptrIN7testing8internal15ExpectationBaseEEC2ERKS3_
FNDA:3,_ZNSt10shared_ptrIN7testing8internal15ExpectationBaseEEC2ERKS3_
FN:139,_ZNSt10shared_ptrIN7testing8internal15ExpectationBaseEEC2INS1_16TypedExpectationIFvvEEEvEEPT_
FNDA:3,_ZNSt10shared_ptrIN7testing8internal15ExpectationBaseEEC2INS1_16TypedExpectationIFvvEEEvEEPT_
FN:254,_ZNSt10shared_ptrIN7testing8internal15ExpectationBaseEEC2EOS3_
FNDA:0,_ZNSt10shared_ptrIN7testing8internal15ExpectationBaseEEC2EOS3_
DA:129,3
DA:139,3
DA:254,0
DA:255,0
end_of_record
SF:/home/aint/park/tempMusicial/Musicial/qt/lib/shared_lib.h
FN:23,_ZN9sharedLib3URLC2ENSt7__cxx1112basic_stringIcSt11char_traitsIcESaIcEEE
FNDA:14,_ZN9sharedLib3URLC2ENSt7__cxx1112basic_stringIcSt11char_traitsIcESaIcEEE
FN:30,_ZN9sharedLib8PlaylistC2ENS_3URLENS_8PlatformE
FNDA:7,_ZN9sharedLib8PlaylistC2ENS_3URLENS_8PlatformE
FN:38,_ZN9sharedLib4SongC2ENS_3URLENS_8PlatformE
FNDA:7,_ZN9sharedLib4SongC2ENS_3URLENS_8PlatformE
DA:23,14
DA:30,7
DA:38,7
end_of_record
SF:/usr/local/include/gmock/internal/gmock-internal-utils.h
FN:226,_ZN7testing8internal6AssertEbPKciRKNSt7__cxx1112basic_stringIcSt11char_traitsIcESaIcEEE
FNDA:8,_ZN7testing8internal6AssertEbPKciRKNSt7__cxx1112basic_stringIcSt11char_traitsIcESaIcEEE
FN:416,_ZN7testing8internal9ApplyImplIRKSt8functionIFvvEESt5tupleIJEEJEEEDTclcl7forwardIT_Efp_Espcl3getIXT1_EEcl7forwardIT0_Efp0_EEEEOS9_OSA_NS0_13IndexSequenceIJXspT1_EEEE
FNDA:0,_ZN7testing8internal9ApplyImplIRKSt8functionIFvvEESt5tupleIJEEJEEEDTclcl7forwardIT_Efp_Espcl3getIXT1_EEcl7forwardIT0_Efp0_EEEEOS9_OSA_NS0_13IndexSequenceIJXspT1_EEEE
FN:423,_ZN7testing8internal5ApplyIRKSt8functionIFvvEESt5tupleIJEEEEDTcl9ApplyImplcl7forwardIT_Efp_Ecl7forwardIT0_Efp0_EcvNS0_21MakeIndexSequenceImplIXsrSt10tuple_sizeINSt16remove_referenceISA_E4typeEE5valueEE4typeE_EEEOS9_OSA_
FNDA:0,_ZN7testing8internal5ApplyIRKSt8functionIFvvEESt5tupleIJEEEEDTcl9ApplyImplcl7forwardIT_Efp_Ecl7forwardIT0_Efp0_EcvNS0_21MakeIndexSequenceImplIXsrSt10tuple_sizeINSt16remove_referenceISA_E4typeEE5valueEE4typeE_EEEOS9_OSA_
DA:226,8
DA:228,8
DA:229,0
DA:230,0
DA:232,8
DA:416,0
DA:418,0
DA:423,0
DA:427,0
DA:429,0
end_of_record
SF:/usr/include/x86_64-linux-gnu/c++/9/bits/gthr-default.h
FN:248,_ZL18__gthread_active_pv
FNDA:30,_ZL18__gthread_active_pv
DA:248,30
DA:252,30
end_of_record
SF:/usr/include/c++/9/bits/move.h
FN:47,_ZSt11__addressofIKZN36mMessageGroup_MockmMessageGroup_Test8TestBodyEvEUlRKN9__gnu_cxx17__normal_iteratorIPN9sharedLib7MessageESt6vectorIS4_SaIS4_EEEESB_E_EPT_RSE_
FNDA:3,_ZSt11__addressofIKZN36mMessageGroup_MockmMessageGroup_Test8TestBodyEvEUlRKN9__gnu_cxx17__normal_iteratorIPN9sharedLib7MessageESt6vectorIS4_SaIS4_EEEESB_E_EPT_RSE_
FN:47,_ZSt11__addressofIN9sharedLib8PlaylistEEPT_RS2_
FNDA:0,_ZSt11__addressofIN9sharedLib8PlaylistEEPT_RS2_
FN:47,_ZSt11__addressofIN9sharedLib4SongEEPT_RS2_
FNDA:0,_ZSt11__addressofIN9sharedLib4SongEEPT_RS2_
FN:47,_ZSt11__addressofISt10shared_ptrIN7testing8internal15ExpectationBaseEEEPT_RS5_
FNDA:3,_ZSt11__addressofISt10shared_ptrIN7testing8internal15ExpectationBaseEEEPT_RS5_
FN:47,_ZSt11__addressofIN9sharedLib7MessageEEPT_RS2_
FNDA:0,_ZSt11__addressofIN9sharedLib7MessageEEPT_RS2_
FN:74,_ZSt7forwardIRKSt8functionIFvvEEEOT_RNSt16remove_referenceIS5_E4typeE
FNDA:0,_ZSt7forwardIRKSt8functionIFvvEEEOT_RNSt16remove_referenceIS5_E4typeE
FN:74,_ZSt7forwardIN9sharedLib3URLEEOT_RNSt16remove_referenceIS2_E4typeE
FNDA:56,_ZSt7forwardIN9sharedLib3URLEEOT_RNSt16remove_referenceIS2_E4typeE
FN:74,_ZSt7forwardIRN9sharedLib8PlatformEEOT_RNSt16remove_referenceIS3_E4typeE
FNDA:8,_ZSt7forwardIRN9sharedLib8PlatformEEOT_RNSt16remove_referenceIS3_E4typeE
FN:74,_ZSt7forwardIN9sharedLib8PlatformEEOT_RNSt16remove_referenceIS2_E4typeE
FNDA:52,_ZSt7forwardIN9sharedLib8PlatformEEOT_RNSt16remove_referenceIS2_E4typeE
FN:74,_ZSt7forwardIRKN9__gnu_cxx17__normal_iteratorIPN9sharedLib7MessageESt6vectorIS3_SaIS3_EEEEEOT_RNSt16remove_referenceISB_E4typeE
FNDA:0,_ZSt7forwardIRKN9__gnu_cxx17__normal_iteratorIPN9sharedLib7MessageESt6vectorIS3_SaIS3_EEEEEOT_RNSt16remove_referenceISB_E4typeE
FN:74,_ZSt7forwardIRKSt10shared_ptrIN7testing8internal15ExpectationBaseEEEOT_RNSt16remove_referenceIS7_E4typeE
FNDA:9,_ZSt7forwardIRKSt10shared_ptrIN7testing8internal15ExpectationBaseEEEOT_RNSt16remove_referenceIS7_E4typeE
FN:74,_ZSt7forwardIRKN7testing8internal15AnythingMatcherEEOT_RNSt16remove_referenceIS5_E4typeE
FNDA:9,_ZSt7forwardIRKN7testing8internal15AnythingMatcherEEOT_RNSt16remove_referenceIS5_E4typeE
FN:74,_ZSt7forwardIN9sharedLib8PlaylistEEOT_RNSt16remove_referenceIS2_E4typeE
FNDA:6,_ZSt7forwardIN9sharedLib8PlaylistEEOT_RNSt16remove_referenceIS2_E4typeE
FN:74,_ZSt7forwardIN9sharedLib4SongEEOT_RNSt16remove_referenceIS2_E4typeE
FNDA:6,_ZSt7forwardIN9sharedLib4SongEEOT_RNSt16remove_referenceIS2_E4typeE
FN:74,_ZSt7forwardISt10shared_ptrIN7testing8internal15ExpectationBaseEEEOT_RNSt16remove_referenceIS5_E4typeE
FNDA:0,_ZSt7forwardISt10shared_ptrIN7testing8internal15ExpectationBaseEEEOT_RNSt16remove_referenceIS5_E4typeE
FN:74,_ZSt7forwardIPKN7testing8internal11MatcherBaseIRKSt5tupleIJEEEEEOT_RNSt16remove_referenceISA_E4typeE
FNDA:0,_ZSt7forwardIPKN7testing8internal11MatcherBaseIRKSt5tupleIJEEEEEOT_RNSt16remove_referenceISA_E4typeE
FN:74,_ZSt7forwardIPKN7testing8internal15AnythingMatcherEEOT_RNSt16remove_referenceIS5_E4typeE
FNDA:0,_ZSt7forwardIPKN7testing8internal15AnythingMatcherEEOT_RNSt16remove_referenceIS5_E4typeE
FN:74,_ZSt7forwardISt5tupleIJEEEOT_RNSt16remove_referenceIS2_E4typeE
FNDA:5,_ZSt7forwardISt5tupleIJEEEOT_RNSt16remove_referenceIS2_E4typeE
FN:74,_ZSt7forwardIOPKN7testing8internal11MatcherBaseIRKSt5tupleIJEEEEEOT_RNSt16remove_referenceISB_E4typeE
FNDA:0,_ZSt7forwardIOPKN7testing8internal11MatcherBaseIRKSt5tupleIJEEEEEOT_RNSt16remove_referenceISB_E4typeE
FN:99,_ZSt4moveIRNSt7__cxx1112basic_stringIcSt11char_traitsIcESaIcEEEEONSt16remove_referenceIT_E4typeEOS8_
FNDA:110,_ZSt4moveIRNSt7__cxx1112basic_stringIcSt11char_traitsIcESaIcEEEEONSt16remove_referenceIT_E4typeEOS8_
FN:99,_ZSt4moveIRN9sharedLib8PlaylistEEONSt16remove_referenceIT_E4typeEOS4_
FNDA:3,_ZSt4moveIRN9sharedLib8PlaylistEEONSt16remove_referenceIT_E4typeEOS4_
FN:99,_ZSt4moveIRN9sharedLib3URLEEONSt16remove_referenceIT_E4typeEOS4_
FNDA:14,_ZSt4moveIRN9sharedLib3URLEEONSt16remove_referenceIT_E4typeEOS4_
FN:99,_ZSt4moveIRSaIcEEONSt16remove_referenceIT_E4typeEOS3_
FNDA:0,_ZSt4moveIRSaIcEEONSt16remove_referenceIT_E4typeEOS3_
FN:99,_ZSt4moveIRPNSt7__cxx1118basic_stringstreamIcSt11char_traitsIcESaIcEEEEONSt16remove_referenceIT_E4typeEOS9_
FNDA:66,_ZSt4moveIRPNSt7__cxx1118basic_stringstreamIcSt11char_traitsIcESaIcEEEEONSt16remove_referenceIT_E4typeEOS9_
FN:99,_ZSt4moveIRPNSt7__cxx1112basic_stringIcSt11char_traitsIcESaIcEEEEONSt16remove_referenceIT_E4typeEOS9_
FNDA:0,_ZSt4moveIRPNSt7__cxx1112basic_stringIcSt11char_traitsIcESaIcEEEEONSt16remove_referenceIT_E4typeEOS9_
FN:99,_ZSt4moveIRSt5tupleIJEEEONSt16remove_referenceIT_E4typeEOS4_
FNDA:8,_ZSt4moveIRSt5tupleIJEEEONSt16remove_referenceIT_E4typeEOS4_
FN:99,_ZSt4moveIRZN36mMessageGroup_MockmMessageGroup_Test8TestBodyEvEUlRKN9__gnu_cxx17__normal_iteratorIPN9sharedLib7MessageESt6vectorIS4_SaIS4_EEEESB_E_EONSt16remove_referenceIT_E4typeEOSF_
FNDA:3,_ZSt4moveIRZN36mMessageGroup_MockmMessageGroup_Test8TestBodyEvEUlRKN9__gnu_cxx17__normal_iteratorIPN9sharedLib7MessageESt6vectorIS4_SaIS4_EEEESB_E_EONSt16remove_referenceIT_E4typeEOSF_
FN:99,_ZSt4moveIRPN7testing8internal18ActionResultHolderIvEEEONSt16remove_referenceIT_E4typeEOS7_
FNDA:4,_ZSt4moveIRPN7testing8internal18ActionResultHolderIvEEEONSt16remove_referenceIT_E4typeEOS7_
FN:99,_ZSt4moveIRZN6client9checkURLsIN9sharedLib8PlaylistEEEbNSt6vectorIT_SaIS5_EE8iteratorES8_EUlRKS3_E_EONSt16remove_referenceIS5_E4typeEOS5_
FNDA:6,_ZSt4moveIRZN6client9checkURLsIN9sharedLib8PlaylistEEEbNSt6vectorIT_SaIS5_EE8iteratorES8_EUlRKS3_E_EONSt16remove_referenceIS5_E4typeEOS5_
FN:99,_ZSt4moveIRZN6client9checkURLsIN9sharedLib4SongEEEbNSt6vectorIT_SaIS5_EE8iteratorES8_EUlRKS3_E_EONSt16remove_referenceIS5_E4typeEOS5_
FNDA:6,_ZSt4moveIRZN6client9checkURLsIN9sharedLib4SongEEEbNSt6vectorIT_SaIS5_EE8iteratorES8_EUlRKS3_E_EONSt16remove_referenceIS5_E4typeEOS5_
FN:99,_ZSt4moveIRSt10shared_ptrIN7testing8internal15ExpectationBaseEEEONSt16remove_referenceIT_E4typeEOS7_
FNDA:0,_ZSt4moveIRSt10shared_ptrIN7testing8internal15ExpectationBaseEEEONSt16remove_referenceIT_E4typeEOS7_
FN:99,_ZSt4moveIRN9sharedLib4SongEEONSt16remove_referenceIT_E4typeEOS4_
FNDA:3,_ZSt4moveIRN9sharedLib4SongEEONSt16remove_referenceIT_E4typeEOS4_
DA:47,3
DA:48,3
DA:47,0
DA:48,0
DA:47,0
DA:48,0
DA:47,0
DA:48,0
DA:47,3
DA:48,3
DA:74,5
DA:75,5
DA:74,0
DA:75,0
DA:74,0
DA:75,0
DA:74,0
DA:75,0
DA:74,0
DA:75,0
DA:74,0
DA:75,0
DA:74,6
DA:75,6
DA:74,6
DA:75,6
DA:74,9
DA:75,9
DA:74,9
DA:75,9
DA:74,0
DA:75,0
DA:74,52
DA:75,52
DA:74,8
DA:75,8
DA:74,56
DA:75,56
DA:99,8
DA:100,8
DA:99,0
DA:100,0
DA:99,3
DA:100,3
DA:99,3
DA:100,3
DA:99,6
DA:100,6
DA:99,6
DA:100,6
DA:99,4
DA:100,4
DA:99,3
DA:100,3
DA:99,0
DA:100,0
DA:99,66
DA:100,66
DA:99,0
DA:100,0
DA:99,14
DA:100,14
DA:99,110
DA:100,110
end_of_record
SF:/usr/include/c++/9/bits/stl_uninitialized.h
FN:76,_ZNSt20__uninitialized_copyILb0EE13__uninit_copyISt13move_iteratorIPSt10shared_ptrIN7testing8internal15ExpectationBaseEEES8_EET0_T_SB_SA_
FNDA:0,_ZNSt20__uninitialized_copyILb0EE13__uninit_copyISt13move_iteratorIPSt10shared_ptrIN7testing8internal15ExpectationBaseEEES8_EET0_T_SB_SA_
FN:76,_ZNSt20__uninitialized_copyILb0EE13__uninit_copyISt13move_iteratorIPN9sharedLib4SongEES5_EET0_T_S8_S7_
FNDA:0,_ZNSt20__uninitialized_copyILb0EE13__uninit_copyISt13move_iteratorIPN9sharedLib4SongEES5_EET0_T_S8_S7_
FN:76,_ZNSt20__uninitialized_copyILb0EE13__uninit_copyISt13move_iteratorIPN9sharedLib8PlaylistEES5_EET0_T_S8_S7_
FNDA:0,_ZNSt20__uninitialized_copyILb0EE13__uninit_copyISt13move_iteratorIPN9sharedLib8PlaylistEES5_EET0_T_S8_S7_
FN:99,_ZNSt20__uninitialized_copyILb1EE13__uninit_copyISt13move_iteratorIPN9sharedLib8PlatformEES5_EET0_T_S8_S7_
FNDA:0,_ZNSt20__uninitialized_copyILb1EE13__uninit_copyISt13move_iteratorIPN9sharedLib8PlatformEES5_EET0_T_S8_S7_
FN:115,_ZSt18uninitialized_copyISt13move_iteratorIPSt10shared_ptrIN7testing8internal15ExpectationBaseEEES6_ET0_T_S9_S8_
FNDA:0,_ZSt18uninitialized_copyISt13move_iteratorIPSt10shared_ptrIN7testing8internal15ExpectationBaseEEES6_ET0_T_S9_S8_
FN:115,_ZSt18uninitialized_copyISt13move_iteratorIPN9sharedLib8PlaylistEES3_ET0_T_S6_S5_
FNDA:0,_ZSt18uninitialized_copyISt13move_iteratorIPN9sharedLib8PlaylistEES3_ET0_T_S6_S5_
FN:115,_ZSt18uninitialized_copyISt13move_iteratorIPN9sharedLib4SongEES3_ET0_T_S6_S5_
FNDA:0,_ZSt18uninitialized_copyISt13move_iteratorIPN9sharedLib4SongEES3_ET0_T_S6_S5_
FN:115,_ZSt18uninitialized_copyISt13move_iteratorIPN9sharedLib8PlatformEES3_ET0_T_S6_S5_
FNDA:0,_ZSt18uninitialized_copyISt13move_iteratorIPN9sharedLib8PlatformEES3_ET0_T_S6_S5_
FN:305,_ZSt22__uninitialized_copy_aISt13move_iteratorIPN9sharedLib8PlaylistEES3_S2_ET0_T_S6_S5_RSaIT1_E
FNDA:0,_ZSt22__uninitialized_copy_aISt13move_iteratorIPN9sharedLib8PlaylistEES3_S2_ET0_T_S6_S5_RSaIT1_E
FN:305,_ZSt22__uninitialized_copy_aISt13move_iteratorIPN9sharedLib4SongEES3_S2_ET0_T_S6_S5_RSaIT1_E
FNDA:0,_ZSt22__uninitialized_copy_aISt13move_iteratorIPN9sharedLib4SongEES3_S2_ET0_T_S6_S5_RSaIT1_E
FN:305,_ZSt22__uninitialized_copy_aISt13move_iteratorIPSt10shared_ptrIN7testing8internal15ExpectationBaseEEES6_S5_ET0_T_S9_S8_RSaIT1_E
FNDA:0,_ZSt22__uninitialized_copy_aISt13move_iteratorIPSt10shared_ptrIN7testing8internal15ExpectationBaseEEES6_S5_ET0_T_S9_S8_RSaIT1_E
FN:305,_ZSt22__uninitialized_copy_aISt13move_iteratorIPN9sharedLib8PlatformEES3_S2_ET0_T_S6_S5_RSaIT1_E
FNDA:0,_ZSt22__uninitialized_copy_aISt13move_iteratorIPN9sharedLib8PlatformEES3_S2_ET0_T_S6_S5_RSaIT1_E
FN:323,_ZSt34__uninitialized_move_if_noexcept_aIPN9sharedLib8PlaylistES2_SaIS1_EET0_T_S5_S4_RT1_
FNDA:0,_ZSt34__uninitialized_move_if_noexcept_aIPN9sharedLib8PlaylistES2_SaIS1_EET0_T_S5_S4_RT1_
FN:323,_ZSt34__uninitialized_move_if_noexcept_aIPN9sharedLib4SongES2_SaIS1_EET0_T_S5_S4_RT1_
FNDA:0,_ZSt34__uninitialized_move_if_noexcept_aIPN9sharedLib4SongES2_SaIS1_EET0_T_S5_S4_RT1_
FN:323,_ZSt34__uninitialized_move_if_noexcept_aIPN9sharedLib8PlatformES2_SaIS1_EET0_T_S5_S4_RT1_
FNDA:0,_ZSt34__uninitialized_move_if_noexcept_aIPN9sharedLib8PlatformES2_SaIS1_EET0_T_S5_S4_RT1_
FN:323,_ZSt34__uninitialized_move_if_noexcept_aIPSt10shared_ptrIN7testing8internal15ExpectationBaseEES5_SaIS4_EET0_T_S8_S7_RT1_
FNDA:0,_ZSt34__uninitialized_move_if_noexcept_aIPSt10shared_ptrIN7testing8internal15ExpectationBaseEES5_SaIS4_EET0_T_S8_S7_RT1_
FN:905,_ZSt19__relocate_object_aIN9sharedLib8PlaylistES1_SaIS1_EEvPT_PT0_RT1_
FNDA:3,_ZSt19__relocate_object_aIN9sharedLib8PlaylistES1_SaIS1_EEvPT_PT0_RT1_
FN:905,_ZSt19__relocate_object_aIN9sharedLib4SongES1_SaIS1_EEvPT_PT0_RT1_
FNDA:3,_ZSt19__relocate_object_aIN9sharedLib4SongES1_SaIS1_EEvPT_PT0_RT1_
FN:905,_ZSt19__relocate_object_aISt10shared_ptrIN7testing8internal15ExpectationBaseEES4_SaIS4_EEvPT_PT0_RT1_
FNDA:0,_ZSt19__relocate_object_aISt10shared_ptrIN7testing8internal15ExpectationBaseEES4_SaIS4_EEvPT_PT0_RT1_
FN:924,_ZSt14__relocate_a_1IN9sharedLib8PlatformES1_ENSt9enable_ifIXsrSt24__is_bitwise_relocatableIT_vE5valueEPS4_E4typeES6_S6_S6_RSaIT0_E
FNDA:2,_ZSt14__relocate_a_1IN9sharedLib8PlatformES1_ENSt9enable_ifIXsrSt24__is_bitwise_relocatableIT_vE5valueEPS4_E4typeES6_S6_S6_RSaIT0_E
FN:936,_ZSt14__relocate_a_1IPN9sharedLib8PlaylistES2_SaIS1_EET0_T_S5_S4_RT1_
FNDA:14,_ZSt14__relocate_a_1IPN9sharedLib8PlaylistES2_SaIS1_EET0_T_S5_S4_RT1_
FN:936,_ZSt14__relocate_a_1IPN9sharedLib4SongES2_SaIS1_EET0_T_S5_S4_RT1_
FNDA:14,_ZSt14__relocate_a_1IPN9sharedLib4SongES2_SaIS1_EET0_T_S5_S4_RT1_
FN:936,_ZSt14__relocate_a_1IPSt10shared_ptrIN7testing8internal15ExpectationBaseEES5_SaIS4_EET0_T_S8_S7_RT1_
FNDA:6,_ZSt14__relocate_a_1IPSt10shared_ptrIN7testing8internal15ExpectationBaseEES5_SaIS4_EET0_T_S8_S7_RT1_
FN:958,_ZSt12__relocate_aIPN9sharedLib8PlatformES2_SaIS1_EET0_T_S5_S4_RT1_
FNDA:2,_ZSt12__relocate_aIPN9sharedLib8PlatformES2_SaIS1_EET0_T_S5_S4_RT1_
FN:958,_ZSt12__relocate_aIPN9sharedLib4SongES2_SaIS1_EET0_T_S5_S4_RT1_
FNDA:14,_ZSt12__relocate_aIPN9sharedLib4SongES2_SaIS1_EET0_T_S5_S4_RT1_
FN:958,_ZSt12__relocate_aIPN9sharedLib8PlaylistES2_SaIS1_EET0_T_S5_S4_RT1_
FNDA:14,_ZSt12__relocate_aIPN9sharedLib8PlaylistES2_SaIS1_EET0_T_S5_S4_RT1_
FN:958,_ZSt12__relocate_aIPSt10shared_ptrIN7testing8internal15ExpectationBaseEES5_SaIS4_EET0_T_S8_S7_RT1_
FNDA:6,_ZSt12__relocate_aIPSt10shared_ptrIN7testing8internal15ExpectationBaseEES5_SaIS4_EET0_T_S8_S7_RT1_
DA:76,0
DA:79,0
DA:82,0
DA:83,0
DA:84,0
DA:86,0
DA:88,0
DA:89,0
DA:76,0
DA:79,0
DA:82,0
DA:83,0
DA:84,0
DA:86,0
DA:88,0
DA:89,0
DA:76,0
DA:79,0
DA:82,0
DA:83,0
DA:84,0
DA:86,0
DA:88,0
DA:89,0
DA:99,0
DA:101,0
DA:115,0
DA:134,0
DA:140,0
DA:115,0
DA:134,0
DA:140,0
DA:115,0
DA:134,0
DA:140,0
DA:115,0
DA:134,0
DA:140,0
DA:305,0
DA:307,0
DA:305,0
DA:307,0
DA:305,0
DA:307,0
DA:305,0
DA:307,0
DA:323,0
DA:329,0
DA:330,0
DA:323,0
DA:329,0
DA:330,0
DA:323,0
DA:329,0
DA:330,0
DA:323,0
DA:329,0
DA:330,0
DA:905,0
DA:912,0
DA:913,0
DA:914,0
DA:905,3
DA:912,3
DA:913,3
DA:914,3
DA:905,3
DA:912,3
DA:913,3
DA:914,3
DA:924,2
DA:927,2
DA:928,2
DA:929,0
DA:930,2
DA:936,6
DA:948,6
DA:949,6
DA:950,0
DA:952,6
DA:936,14
DA:948,14
DA:949,17
DA:950,3
DA:952,14
DA:936,14
DA:948,14
DA:949,17
DA:950,3
DA:952,14
DA:958,6
DA:964,6
DA:966,6
DA:958,2
DA:964,2
DA:966,2
DA:958,14
DA:964,14
DA:966,14
DA:958,14
DA:964,14
DA:966,14
end_of_record
SF:/usr/include/c++/9/bits/basic_string.tcc
FN:206,_ZNSt7__cxx1112basic_stringIcSt11char_traitsIcESaIcEE12_M_constructIPcEEvT_S7_St20forward_iterator_tag
FNDA:0,_ZNSt7__cxx1112basic_stringIcSt11char_traitsIcESaIcEE12_M_constructIPcEEvT_S7_St20forward_iterator_tag
FN:206,_ZNSt7__cxx1112basic_stringIcSt11char_traitsIcESaIcEE12_M_constructIPKcEEvT_S8_St20forward_iterator_tag
FNDA:0,_ZNSt7__cxx1112basic_stringIcSt11char_traitsIcESaIcEE12_M_constructIPKcEEvT_S8_St20forward_iterator_tag
DA:206,0
DA:211,0
DA:212,0
DA:215,0
DA:217,0
DA:219,0
DA:220,0
DA:225,0
DA:226,0
DA:228,0
DA:229,0
DA:232,0
DA:233,0
DA:206,0
DA:211,0
DA:212,0
DA:215,0
DA:217,0
DA:219,0
DA:220,0
DA:225,0
DA:226,0
DA:228,0
DA:229,0
DA:232,0
DA:233,0
end_of_record
SF:/usr/include/c++/9/new
FN:173,_ZnwmPv
FNDA:0,_ZnwmPv
DA:173,0
DA:174,0
end_of_record
SF:/usr/include/c++/9/bits/stl_tree.h
FN:146,_ZNSt20_Rb_tree_key_compareIN7testing11Expectation4LessEEC2Ev
FNDA:3,_ZNSt20_Rb_tree_key_compareIN7testing11Expectation4LessEEC2Ev
FN:173,_ZNSt15_Rb_tree_headerC2Ev
FNDA:8,_ZNSt15_Rb_tree_headerC2Ev
FN:206,_ZNSt15_Rb_tree_header8_M_resetEv
FNDA:9,_ZNSt15_Rb_tree_header8_M_resetEv
FN:234,_ZNSt13_Rb_tree_nodeIN7testing11ExpectationEE9_M_valptrEv
FNDA:0,_ZNSt13_Rb_tree_nodeIN7testing11ExpectationEE9_M_valptrEv
FN:238,_ZNKSt13_Rb_tree_nodeIN7testing11ExpectationEE9_M_valptrEv
FNDA:0,_ZNKSt13_Rb_tree_nodeIN7testing11ExpectationEE9_M_valptrEv
FN:345,_ZNSt23_Rb_tree_const_iteratorIN7testing11ExpectationEEC2EPKSt18_Rb_tree_node_base
FNDA:12,_ZNSt23_Rb_tree_const_iteratorIN7testing11ExpectationEEC2EPKSt18_Rb_tree_node_base
FN:360,_ZNKSt23_Rb_tree_const_iteratorIN7testing11ExpectationEEptEv
FNDA:0,_ZNKSt23_Rb_tree_const_iteratorIN7testing11ExpectationEEptEv
FN:364,_ZNSt23_Rb_tree_const_iteratorIN7testing11ExpectationEEppEv
FNDA:0,_ZNSt23_Rb_tree_const_iteratorIN7testing11ExpectationEEppEv
FN:398,_ZStneRKSt23_Rb_tree_const_iteratorIN7testing11ExpectationEES4_
FNDA:6,_ZStneRKSt23_Rb_tree_const_iteratorIN7testing11ExpectationEES4_
FN:566,_ZNSt8_Rb_treeIN7testing11ExpectationES1_St9_IdentityIS1_ENS1_4LessESaIS1_EE21_M_get_Node_allocatorEv
FNDA:0,_ZNSt8_Rb_treeIN7testing11ExpectationES1_St9_IdentityIS1_ENS1_4LessESaIS1_EE21_M_get_Node_allocatorEv
FN:583,_ZNSt8_Rb_treeIN7testing11ExpectationES1_St9_IdentityIS1_ENS1_4LessESaIS1_EE11_M_put_nodeEPSt13_Rb_tree_nodeIS1_E
FNDA:0,_ZNSt8_Rb_treeIN7testing11ExpectationES1_St9_IdentityIS1_ENS1_4LessESaIS1_EE11_M_put_nodeEPSt13_Rb_tree_nodeIS1_E
FN:637,_ZNSt8_Rb_treeIN7testing11ExpectationES1_St9_IdentityIS1_ENS1_4LessESaIS1_EE15_M_destroy_nodeEPSt13_Rb_tree_nodeIS1_E
FNDA:0,_ZNSt8_Rb_treeIN7testing11ExpectationES1_St9_IdentityIS1_ENS1_4LessESaIS1_EE15_M_destroy_nodeEPSt13_Rb_tree_nodeIS1_E
FN:648,_ZNSt8_Rb_treeIN7testing11ExpectationES1_St9_IdentityIS1_ENS1_4LessESaIS1_EE12_M_drop_nodeEPSt13_Rb_tree_nodeIS1_E
FNDA:0,_ZNSt8_Rb_treeIN7testing11ExpectationES1_St9_IdentityIS1_ENS1_4LessESaIS1_EE12_M_drop_nodeEPSt13_Rb_tree_nodeIS1_E
FN:680,_ZNSt8_Rb_treeIN7testing11ExpectationES1_St9_IdentityIS1_ENS1_4LessESaIS1_EE13_Rb_tree_implIS4_Lb1EEC2Ev
FNDA:3,_ZNSt8_Rb_treeIN7testing11ExpectationES1_St9_IdentityIS1_ENS1_4LessESaIS1_EE13_Rb_tree_implIS4_Lb1EEC2Ev
FN:749,_ZNSt8_Rb_treeIN7testing11ExpectationES1_St9_IdentityIS1_ENS1_4LessESaIS1_EE8_M_beginEv
FNDA:3,_ZNSt8_Rb_treeIN7testing11ExpectationES1_St9_IdentityIS1_ENS1_4LessESaIS1_EE8_M_beginEv
FN:794,_ZNSt8_Rb_treeIN7testing11ExpectationES1_St9_IdentityIS1_ENS1_4LessESaIS1_EE7_S_leftEPSt18_Rb_tree_node_base
FNDA:0,_ZNSt8_Rb_treeIN7testing11ExpectationES1_St9_IdentityIS1_ENS1_4LessESaIS1_EE7_S_leftEPSt18_Rb_tree_node_base
FN:802,_ZNSt8_Rb_treeIN7testing11ExpectationES1_St9_IdentityIS1_ENS1_4LessESaIS1_EE8_S_rightEPSt18_Rb_tree_node_base
FNDA:0,_ZNSt8_Rb_treeIN7testing11ExpectationES1_St9_IdentityIS1_ENS1_4LessESaIS1_EE8_S_rightEPSt18_Rb_tree_node_base
FN:944,_ZNSt8_Rb_treeIN7testing11ExpectationES1_St9_IdentityIS1_ENS1_4LessESaIS1_EEC2Ev
FNDA:3,_ZNSt8_Rb_treeIN7testing11ExpectationES1_St9_IdentityIS1_ENS1_4LessESaIS1_EEC2Ev
FN:999,_ZNSt8_Rb_treeIN7testing11ExpectationES1_St9_IdentityIS1_ENS1_4LessESaIS1_EED2Ev
FNDA:3,_ZNSt8_Rb_treeIN7testing11ExpectationES1_St9_IdentityIS1_ENS1_4LessESaIS1_EED2Ev
FN:1015,_ZNKSt8_Rb_treeIN7testing11ExpectationES1_St9_IdentityIS1_ENS1_4LessESaIS1_EE5beginEv
FNDA:6,_ZNKSt8_Rb_treeIN7testing11ExpectationES1_St9_IdentityIS1_ENS1_4LessESaIS1_EE5beginEv
FN:1023,_ZNKSt8_Rb_treeIN7testing11ExpectationES1_St9_IdentityIS1_ENS1_4LessESaIS1_EE3endEv
FNDA:6,_ZNKSt8_Rb_treeIN7testing11ExpectationES1_St9_IdentityIS1_ENS1_4LessESaIS1_EE3endEv
FN:1912,_ZNSt8_Rb_treeIN7testing11ExpectationES1_St9_IdentityIS1_ENS1_4LessESaIS1_EE8_M_eraseEPSt13_Rb_tree_nodeIS1_E
FNDA:3,_ZNSt8_Rb_treeIN7testing11ExpectationES1_St9_IdentityIS1_ENS1_4LessESaIS1_EE8_M_eraseEPSt13_Rb_tree_nodeIS1_E
DA:146,3
DA:150,3
DA:173,8
DA:174,8
DA:175,8
DA:176,8
DA:177,8
DA:206,9
DA:208,9
DA:209,9
DA:210,9
DA:211,9
DA:212,9
DA:234,0
DA:235,0
DA:238,0
DA:239,0
DA:345,12
DA:346,12
DA:360,0
DA:361,0
DA:364,0
DA:366,0
DA:367,0
DA:398,6
DA:399,6
DA:566,0
DA:567,0
DA:583,0
DA:584,0
DA:637,0
DA:642,0
DA:643,0
DA:645,0
DA:648,0
DA:650,0
DA:651,0
DA:652,0
DA:680,3
DA:684,3
DA:685,3
DA:749,3
DA:750,3
DA:794,0
DA:795,0
DA:802,0
DA:803,0
DA:944,3
DA:999,3
DA:1000,3
DA:1015,6
DA:1016,6
DA:1023,6
DA:1024,6
DA:1912,3
DA:1916,3
DA:1918,0
DA:1919,0
DA:1920,0
DA:1921,0
DA:1923,3
end_of_record
SF:/usr/local/include/gtest/gtest-assertion-result.h
FN:171,_ZNK7testing15AssertionResultcvbEv
FNDA:12,_ZNK7testing15AssertionResultcvbEv
FN:180,_ZNK7testing15AssertionResult7messageEv
FNDA:0,_ZNK7testing15AssertionResult7messageEv
FN:184,_ZNK7testing15AssertionResult15failure_messageEv
FNDA:0,_ZNK7testing15AssertionResult15failure_messageEv
DA:171,12
DA:180,0
DA:181,0
DA:184,0
end_of_record
SF:/usr/local/include/gtest/internal/gtest-port.h
FN:987,_ZN7testing8internal8GTestLog9GetStreamEv
FNDA:0,_ZN7testing8internal8GTestLog9GetStreamEv
FN:1104,_ZN7testing8internal9DownCast_IPNS0_18ActionResultHolderIvEENS0_29UntypedActionResultHolderBaseEEET_PT0_
FNDA:4,_ZN7testing8internal9DownCast_IPNS0_18ActionResultHolderIvEENS0_29UntypedActionResultHolderBaseEEET_PT0_
FN:1129,_ZN7testing8internal27CheckedDowncastToActualTypeINS0_11ThreadLocalIPNS_8SequenceEE11ValueHolderENS0_26ThreadLocalValueHolderBaseEEEPT_PT0_
FNDA:2,_ZN7testing8internal27CheckedDowncastToActualTypeINS0_11ThreadLocalIPNS_8SequenceEE11ValueHolderENS0_26ThreadLocalValueHolderBaseEEEPT_PT0_
FN:1621,_ZN7testing8internal9MutexBase4LockEv
FNDA:42,_ZN7testing8internal9MutexBase4LockEv
FN:1628,_ZN7testing8internal9MutexBase6UnlockEv
FNDA:42,_ZN7testing8internal9MutexBase6UnlockEv
FN:1639,_ZNK7testing8internal9MutexBase10AssertHeldEv
FNDA:54,_ZNK7testing8internal9MutexBase10AssertHeldEv
FN:1697,_ZN7testing8internal14GTestMutexLockC2EPNS0_9MutexBaseE
FNDA:34,_ZN7testing8internal14GTestMutexLockC2EPNS0_9MutexBaseE
FN:1700,_ZN7testing8internal14GTestMutexLockD2Ev
FNDA:34,_ZN7testing8internal14GTestMutexLockD2Ev
FN:1747,_ZNK7testing8internal11ThreadLocalIPNS_8SequenceEE7pointerEv
FNDA:3,_ZNK7testing8internal11ThreadLocalIPNS_8SequenceEE7pointerEv
FN:1748,_ZNK7testing8internal11ThreadLocalIPNS_8SequenceEE3getEv
FNDA:3,_ZNK7testing8internal11ThreadLocalIPNS_8SequenceEE3getEv
FN:1758,_ZN7testing8internal11ThreadLocalIPNS_8SequenceEE11ValueHolder7pointerEv
FNDA:3,_ZN7testing8internal11ThreadLocalIPNS_8SequenceEE11ValueHolder7pointerEv
FN:1774,_ZNK7testing8internal11ThreadLocalIPNS_8SequenceEE16GetOrCreateValueEv
FNDA:3,_ZNK7testing8internal11ThreadLocalIPNS_8SequenceEE16GetOrCreateValueEv
DA:987,0
DA:1104,4
DA:1118,4
DA:1120,4
DA:1129,2
DA:1131,2
DA:1137,2
DA:1621,42
DA:1622,42
DA:1623,42
DA:1624,42
DA:1625,42
DA:1628,42
DA:1633,42
DA:1634,42
DA:1635,42
DA:1639,54
DA:1640,54
DA:1641,0
DA:1642,54
DA:1697,34
DA:1698,34
DA:1700,34
DA:1747,3
DA:1748,3
DA:1758,3
DA:1774,3
DA:1776,3
DA:1777,3
DA:1778,2
DA:1781,1
DA:1782,1
DA:1783,1
DA:1784,1
end_of_record
SF:/usr/local/include/gtest/gtest-message.h
end_of_record
SF:/home/aint/park/tempMusicial/Musicial/qt/lib/test.cpp
FN:7,_ZN16mockMessageGroup21MockrmockMessageGroupEv
FNDA:1,_ZN16mockMessageGroup21MockrmockMessageGroupEv
FN:8,_ZN16mockMessageGroup14MockreceiveNetEv
FNDA:1,_ZN16mockMessageGroup14MockreceiveNetEv
FN:8,_ZN16mockMessageGroup20gmock_MockreceiveNetEv
FNDA:1,_ZN16mockMessageGroup20gmock_MockreceiveNetEv
FN:9,_ZN16mockMessageGroup11MocksendNetEv
FNDA:1,_ZN16mockMessageGroup11MocksendNetEv
FN:9,_ZN16mockMessageGroup17gmock_MocksendNetEv
FNDA:1,_ZN16mockMessageGroup17gmock_MocksendNetEv
FN:10,_ZN16mockMessageGroup8MocksendEv
FNDA:1,_ZN16mockMessageGroup8MocksendEv
FN:10,_ZN16mockMessageGroup14gmock_MocksendEv
FNDA:1,_ZN16mockMessageGroup14gmock_MocksendEv
FN:14,_ZN16mockMessageGroupC2ERKNSt7__cxx1112basic_stringIcSt11char_traitsIcESaIcEEEmRKN9sharedLib8PlatformERKSt6vectorINS8_8PlaylistESaISD_EERKSC_INS8_4SongESaISI_EERKSC_IS9_SaIS9_EE
FNDA:1,_ZN16mockMessageGroupC2ERKNSt7__cxx1112basic_stringIcSt11char_traitsIcESaIcEEEmRKN9sharedLib8PlatformERKSt6vectorINS8_8PlaylistESaISD_EERKSC_INS8_4SongESaISI_EERKSC_IS9_SaIS9_EE
FN:24,_ZN16mockMessageGroup11receiveNettERKN9sharedLib7MessageE
FNDA:1,_ZN16mockMessageGroup11receiveNettERKN9sharedLib7MessageE
FN:30,_ZN16mockMessageGroup7sendNetEv
FNDA:1,_ZN16mockMessageGroup7sendNetEv
FN:36,_ZN16mockMessageGroup5senddERKSt8functionIFvRKN9__gnu_cxx17__normal_iteratorIPN9sharedLib7MessageESt6vectorIS4_SaIS4_EEEESB_EE
FNDA:1,_ZN16mockMessageGroup5senddERKSt8functionIFvRKN9__gnu_cxx17__normal_iteratorIPN9sharedLib7MessageESt6vectorIS4_SaIS4_EEEESB_EE
FN:46,_ZN36mMessageGroup_MockmMessageGroup_TestC2Ev
FNDA:1,_ZN36mMessageGroup_MockmMessageGroup_TestC2Ev
FN:46,_ZN36mMessageGroup_MockmMessageGroup_Test8TestBodyEv
FNDA:1,_ZN36mMessageGroup_MockmMessageGroup_Test8TestBodyEv
FN:46,_ZN36mMessageGroup_MockmMessageGroup_TestD2Ev
FNDA:1,_ZN36mMessageGroup_MockmMessageGroup_TestD2Ev
FN:46,_ZN36mMessageGroup_MockmMessageGroup_TestD0Ev
FNDA:1,_ZN36mMessageGroup_MockmMessageGroup_TestD0Ev
FN:66,_ZZN36mMessageGroup_MockmMessageGroup_Test8TestBodyEvENKUlRKN9__gnu_cxx17__normal_iteratorIPN9sharedLib7MessageESt6vectorIS3_SaIS3_EEEESA_E_clESA_SA_
FNDA:3,_ZZN36mMessageGroup_MockmMessageGroup_Test8TestBodyEvENKUlRKN9__gnu_cxx17__normal_iteratorIPN9sharedLib7MessageESt6vectorIS3_SaIS3_EEEESA_E_clESA_SA_
FN:77,_ZN32getPlatform_getPlatform_int_TestC2Ev
FNDA:1,_ZN32getPlatform_getPlatform_int_TestC2Ev
FN:77,_ZN32getPlatform_getPlatform_int_Test8TestBodyEv
FNDA:1,_ZN32getPlatform_getPlatform_int_Test8TestBodyEv
FN:77,_ZN32getPlatform_getPlatform_int_TestD2Ev
FNDA:1,_ZN32getPlatform_getPlatform_int_TestD2Ev
FN:77,_ZN32getPlatform_getPlatform_int_TestD0Ev
FNDA:1,_ZN32getPlatform_getPlatform_int_TestD0Ev
FN:83,_ZN23checkURLs_allRight_Test8TestBodyEv
FNDA:1,_ZN23checkURLs_allRight_Test8TestBodyEv
FN:83,_ZN23checkURLs_allRight_TestD2Ev
FNDA:1,_ZN23checkURLs_allRight_TestD2Ev
FN:83,_ZN23checkURLs_allRight_TestD0Ev
FNDA:1,_ZN23checkURLs_allRight_TestD0Ev
FN:83,_ZN23checkURLs_allRight_TestC2Ev
FNDA:1,_ZN23checkURLs_allRight_TestC2Ev
FN:102,_ZN23checkURLs_allFalse_Test8TestBodyEv
FNDA:1,_ZN23checkURLs_allFalse_Test8TestBodyEv
FN:102,_ZN23checkURLs_allFalse_TestD2Ev
FNDA:1,_ZN23checkURLs_allFalse_TestD2Ev
FN:102,_ZN23checkURLs_allFalse_TestD0Ev
FNDA:1,_ZN23checkURLs_allFalse_TestD0Ev
FN:102,_ZN23checkURLs_allFalse_TestC2Ev
FNDA:1,_ZN23checkURLs_allFalse_TestC2Ev
FN:120,_ZN24checkURLs_semiFalse_Test8TestBodyEv
FNDA:1,_ZN24checkURLs_semiFalse_Test8TestBodyEv
FN:120,_ZN24checkURLs_semiFalse_TestD2Ev
FNDA:1,_ZN24checkURLs_semiFalse_TestD2Ev
FN:120,_ZN24checkURLs_semiFalse_TestD0Ev
FNDA:1,_ZN24checkURLs_semiFalse_TestD0Ev
FN:120,_ZN24checkURLs_semiFalse_TestC2Ev
FNDA:1,_ZN24checkURLs_semiFalse_TestC2Ev
DA:7,1
DA:8,1
DA:8,1
DA:9,1
DA:9,1
DA:10,1
DA:10,1
DA:14,1
DA:18,1
DA:19,1
DA:20,1
DA:21,1
DA:22,1
DA:24,1
DA:25,1
DA:26,1
DA:27,1
DA:30,1
DA:31,1
DA:32,1
DA:33,1
DA:36,1
DA:38,1
DA:39,1
DA:40,1
DA:46,1
DA:46,1
DA:46,1
DA:46,1
DA:47,2
DA:48,1
DA:49,1
DA:50,2
DA:51,1
DA:52,2
DA:53,2
DA:54,1
DA:55,2
DA:57,2
DA:58,1
DA:59,2
DA:60,1
DA:61,1
DA:62,1
DA:64,1
DA:66,1
DA:70,1
DA:71,1
DA:72,1
DA:73,1
DA:74,1
DA:75,1
DA:66,3
DA:68,3
DA:69,3
DA:77,1
DA:77,1
DA:77,1
DA:77,1
DA:78,2
DA:79,2
DA:80,2
DA:81,1
DA:83,1
DA:83,1
DA:83,1
DA:83,1
DA:84,2
DA:85,1
DA:86,2
DA:87,1
DA:88,1
DA:89,2
DA:90,1
DA:91,2
DA:92,1
DA:93,2
DA:94,1
DA:95,1
DA:96,2
DA:98,1
DA:99,1
DA:100,1
DA:102,1
DA:102,1
DA:102,1
DA:102,1
DA:103,2
DA:104,1
DA:105,2
DA:106,1
DA:107,1
DA:108,2
DA:109,1
DA:110,2
DA:111,1
DA:112,2
DA:113,1
DA:114,1
DA:116,1
DA:117,1
DA:118,1
DA:120,1
DA:120,1
DA:120,1
DA:120,1
DA:121,2
DA:122,1
DA:123,2
DA:124,1
DA:125,1
DA:126,2
DA:127,1
DA:128,2
DA:129,1
DA:130,2
DA:131,1
DA:132,1
DA:134,1
DA:135,1
DA:136,1
end_of_record
SF:/usr/include/c++/9/bits/alloc_traits.h
FN:442,_ZNSt16allocator_traitsISaIN9sharedLib8PlatformEEE8allocateERS2_m
FNDA:0,_ZNSt16allocator_traitsISaIN9sharedLib8PlatformEEE8allocateERS2_m
FN:442,_ZNSt16allocator_traitsISaIN9sharedLib4SongEEE8allocateERS2_m
FNDA:0,_ZNSt16allocator_traitsISaIN9sharedLib4SongEEE8allocateERS2_m
FN:442,_ZNSt16allocator_traitsISaIN9sharedLib8PlaylistEEE8allocateERS2_m
FNDA:0,_ZNSt16allocator_traitsISaIN9sharedLib8PlaylistEEE8allocateERS2_m
FN:442,_ZNSt16allocator_traitsISaISt10shared_ptrIN7testing8internal15ExpectationBaseEEEE8allocateERS5_m
FNDA:3,_ZNSt16allocator_traitsISaISt10shared_ptrIN7testing8internal15ExpectationBaseEEEE8allocateERS5_m
FN:468,_ZNSt16allocator_traitsISaIN9sharedLib8PlaylistEEE10deallocateERS2_PS1_m
FNDA:0,_ZNSt16allocator_traitsISaIN9sharedLib8PlaylistEEE10deallocateERS2_PS1_m
FN:468,_ZNSt16allocator_traitsISaISt13_Rb_tree_nodeIN7testing11ExpectationEEEE10deallocateERS4_PS3_m
FNDA:0,_ZNSt16allocator_traitsISaISt13_Rb_tree_nodeIN7testing11ExpectationEEEE10deallocateERS4_PS3_m
FN:468,_ZNSt16allocator_traitsISaIPKvEE10deallocateERS2_PS1_m
FNDA:0,_ZNSt16allocator_traitsISaIPKvEE10deallocateERS2_PS1_m
FN:468,_ZNSt16allocator_traitsISaIN9sharedLib7MessageEEE10deallocateERS2_PS1_m
FNDA:0,_ZNSt16allocator_traitsISaIN9sharedLib7MessageEEE10deallocateERS2_PS1_m
FN:468,_ZNSt16allocator_traitsISaIN9sharedLib8PlatformEEE10deallocateERS2_PS1_m
FNDA:0,_ZNSt16allocator_traitsISaIN9sharedLib8PlatformEEE10deallocateERS2_PS1_m
FN:468,_ZNSt16allocator_traitsISaIN9sharedLib4SongEEE10deallocateERS2_PS1_m
FNDA:0,_ZNSt16allocator_traitsISaIN9sharedLib4SongEEE10deallocateERS2_PS1_m
FN:468,_ZNSt16allocator_traitsISaISt10shared_ptrIN7testing8internal15ExpectationBaseEEEE10deallocateERS5_PS4_m
FNDA:3,_ZNSt16allocator_traitsISaISt10shared_ptrIN7testing8internal15ExpectationBaseEEEE10deallocateERS5_PS4_m
FN:481,_ZNSt16allocator_traitsISaIN9sharedLib8PlaylistEEE9constructIS1_JNS0_3URLERNS0_8PlatformEEEEvRS2_PT_DpOT0_
FNDA:1,_ZNSt16allocator_traitsISaIN9sharedLib8PlaylistEEE9constructIS1_JNS0_3URLERNS0_8PlatformEEEEvRS2_PT_DpOT0_
FN:481,_ZNSt16allocator_traitsISaIN9sharedLib4SongEEE9constructIS1_JNS0_3URLENS0_8PlatformEEEEvRS2_PT_DpOT0_
FNDA:6,_ZNSt16allocator_traitsISaIN9sharedLib4SongEEE9constructIS1_JNS0_3URLENS0_8PlatformEEEEvRS2_PT_DpOT0_
FN:481,_ZNSt16allocator_traitsISaIN9sharedLib8PlaylistEEE9constructIS1_JNS0_3URLENS0_8PlatformEEEEvRS2_PT_DpOT0_
FNDA:6,_ZNSt16allocator_traitsISaIN9sharedLib8PlaylistEEE9constructIS1_JNS0_3URLENS0_8PlatformEEEEvRS2_PT_DpOT0_
FN:481,_ZNSt16allocator_traitsISaIN9sharedLib8PlatformEEE9constructIS1_JS1_EEEvRS2_PT_DpOT0_
FNDA:1,_ZNSt16allocator_traitsISaIN9sharedLib8PlatformEEE9constructIS1_JS1_EEEvRS2_PT_DpOT0_
FN:481,_ZNSt16allocator_traitsISaIN9sharedLib4SongEEE9constructIS1_JNS0_3URLERNS0_8PlatformEEEEvRS2_PT_DpOT0_
FNDA:1,_ZNSt16allocator_traitsISaIN9sharedLib4SongEEE9constructIS1_JNS0_3URLERNS0_8PlatformEEEEvRS2_PT_DpOT0_
FN:481,_ZNSt16allocator_traitsISaISt10shared_ptrIN7testing8internal15ExpectationBaseEEEE9constructIS4_JS4_EEEvRS5_PT_DpOT0_
FNDA:0,_ZNSt16allocator_traitsISaISt10shared_ptrIN7testing8internal15ExpectationBaseEEEE9constructIS4_JS4_EEEvRS5_PT_DpOT0_
FN:481,_ZNSt16allocator_traitsISaISt10shared_ptrIN7testing8internal15ExpectationBaseEEEE9constructIS4_JRKS4_EEEvRS5_PT_DpOT0_
FNDA:3,_ZNSt16allocator_traitsISaISt10shared_ptrIN7testing8internal15ExpectationBaseEEEE9constructIS4_JRKS4_EEEvRS5_PT_DpOT0_
FN:481,_ZNSt16allocator_traitsISaIN9sharedLib8PlaylistEEE9constructIS1_JS1_EEEvRS2_PT_DpOT0_
FNDA:3,_ZNSt16allocator_traitsISaIN9sharedLib8PlaylistEEE9constructIS1_JS1_EEEvRS2_PT_DpOT0_
FN:481,_ZNSt16allocator_traitsISaIN9sharedLib4SongEEE9constructIS1_JS1_EEEvRS2_PT_DpOT0_
FNDA:3,_ZNSt16allocator_traitsISaIN9sharedLib4SongEEE9constructIS1_JS1_EEEvRS2_PT_DpOT0_
FN:494,_ZNSt16allocator_traitsISaISt13_Rb_tree_nodeIN7testing11ExpectationEEEE7destroyIS2_EEvRS4_PT_
FNDA:0,_ZNSt16allocator_traitsISaISt13_Rb_tree_nodeIN7testing11ExpectationEEEE7destroyIS2_EEvRS4_PT_
FN:494,_ZNSt16allocator_traitsISaIN9sharedLib8PlatformEEE7destroyIS1_EEvRS2_PT_
FNDA:0,_ZNSt16allocator_traitsISaIN9sharedLib8PlatformEEE7destroyIS1_EEvRS2_PT_
FN:494,_ZNSt16allocator_traitsISaIN9sharedLib4SongEEE7destroyIS1_EEvRS2_PT_
FNDA:3,_ZNSt16allocator_traitsISaIN9sharedLib4SongEEE7destroyIS1_EEvRS2_PT_
FN:494,_ZNSt16allocator_traitsISaIN9sharedLib8PlaylistEEE7destroyIS1_EEvRS2_PT_
FNDA:3,_ZNSt16allocator_traitsISaIN9sharedLib8PlaylistEEE7destroyIS1_EEvRS2_PT_
FN:494,_ZNSt16allocator_traitsISaISt10shared_ptrIN7testing8internal15ExpectationBaseEEEE7destroyIS4_EEvRS5_PT_
FNDA:0,_ZNSt16allocator_traitsISaISt10shared_ptrIN7testing8internal15ExpectationBaseEEEE7destroyIS4_EEvRS5_PT_
FN:504,_ZNSt16allocator_traitsISaIN9sharedLib8PlaylistEEE8max_sizeERKS2_
FNDA:14,_ZNSt16allocator_traitsISaIN9sharedLib8PlaylistEEE8max_sizeERKS2_
FN:504,_ZNSt16allocator_traitsISaIN9sharedLib4SongEEE8max_sizeERKS2_
FNDA:14,_ZNSt16allocator_traitsISaIN9sharedLib4SongEEE8max_sizeERKS2_
FN:504,_ZNSt16allocator_traitsISaIN9sharedLib8PlatformEEE8max_sizeERKS2_
FNDA:2,_ZNSt16allocator_traitsISaIN9sharedLib8PlatformEEE8max_sizeERKS2_
FN:504,_ZNSt16allocator_traitsISaISt10shared_ptrIN7testing8internal15ExpectationBaseEEEE8max_sizeERKS5_
FNDA:6,_ZNSt16allocator_traitsISaISt10shared_ptrIN7testing8internal15ExpectationBaseEEEE8max_sizeERKS5_
FN:513,_ZNSt16allocator_traitsISaIcEE37select_on_container_copy_constructionERKS0_
FNDA:0,_ZNSt16allocator_traitsISaIcEE37select_on_container_copy_constructionERKS0_
FN:567,_ZSt18__do_alloc_on_swapISaIPKvEEvRT_S4_St17integral_constantIbLb0EE
FNDA:4,_ZSt18__do_alloc_on_swapISaIPKvEEvRT_S4_St17integral_constantIbLb0EE
FN:571,_ZSt15__alloc_on_swapISaIPKvEEvRT_S4_
FNDA:4,_ZSt15__alloc_on_swapISaIPKvEEvRT_S4_
DA:442,3
DA:443,3
DA:442,0
DA:443,0
DA:442,0
DA:443,0
DA:442,0
DA:443,0
DA:468,3
DA:469,3
DA:468,0
DA:469,0
DA:468,0
DA:469,0
DA:468,0
DA:469,0
DA:468,0
DA:469,0
DA:468,0
DA:469,0
DA:468,0
DA:469,0
DA:481,0
DA:483,0
DA:481,3
DA:483,3
DA:481,3
DA:483,3
DA:481,3
DA:483,3
DA:481,6
DA:483,6
DA:481,6
DA:483,6
DA:481,1
DA:483,1
DA:481,1
DA:483,1
DA:481,1
DA:483,1
DA:494,0
DA:496,0
DA:494,0
DA:496,0
DA:494,0
DA:496,0
DA:494,3
DA:496,3
DA:494,3
DA:496,3
DA:504,6
DA:505,6
DA:504,2
DA:505,2
DA:504,14
DA:505,14
DA:504,14
DA:505,14
DA:513,0
DA:514,0
DA:567,4
DA:568,4
DA:571,4
DA:575,4
DA:576,4
end_of_record
SF:/usr/include/c++/9/bits/predefined_ops.h
FN:276,_ZN9__gnu_cxx5__ops10_Iter_predIZN6client9checkURLsIN9sharedLib4SongEEEbNSt6vectorIT_SaIS7_EE8iteratorESA_EUlRKS5_E_EC2ESD_
FNDA:3,_ZN9__gnu_cxx5__ops10_Iter_predIZN6client9checkURLsIN9sharedLib4SongEEEbNSt6vectorIT_SaIS7_EE8iteratorESA_EUlRKS5_E_EC2ESD_
FN:276,_ZN9__gnu_cxx5__ops10_Iter_predIZN6client9checkURLsIN9sharedLib8PlaylistEEEbNSt6vectorIT_SaIS7_EE8iteratorESA_EUlRKS5_E_EC2ESD_
FNDA:3,_ZN9__gnu_cxx5__ops10_Iter_predIZN6client9checkURLsIN9sharedLib8PlaylistEEEbNSt6vectorIT_SaIS7_EE8iteratorESA_EUlRKS5_E_EC2ESD_
FN:282,_ZN9__gnu_cxx5__ops10_Iter_predIZN6client9checkURLsIN9sharedLib4SongEEEbNSt6vectorIT_SaIS7_EE8iteratorESA_EUlRKS5_E_EclINS_17__normal_iteratorIPS5_S6_IS5_SaIS5_EEEEEEbS7_
FNDA:5,_ZN9__gnu_cxx5__ops10_Iter_predIZN6client9checkURLsIN9sharedLib4SongEEEbNSt6vectorIT_SaIS7_EE8iteratorESA_EUlRKS5_E_EclINS_17__normal_iteratorIPS5_S6_IS5_SaIS5_EEEEEEbS7_
FN:282,_ZN9__gnu_cxx5__ops10_Iter_predIZN6client9checkURLsIN9sharedLib8PlaylistEEEbNSt6vectorIT_SaIS7_EE8iteratorESA_EUlRKS5_E_EclINS_17__normal_iteratorIPS5_S6_IS5_SaIS5_EEEEEEbS7_
FNDA:5,_ZN9__gnu_cxx5__ops10_Iter_predIZN6client9checkURLsIN9sharedLib8PlaylistEEEbNSt6vectorIT_SaIS7_EE8iteratorESA_EUlRKS5_E_EclINS_17__normal_iteratorIPS5_S6_IS5_SaIS5_EEEEEEbS7_
FN:288,_ZN9__gnu_cxx5__ops11__pred_iterIZN6client9checkURLsIN9sharedLib4SongEEEbNSt6vectorIT_SaIS7_EE8iteratorESA_EUlRKS5_E_EENS0_10_Iter_predIS7_EES7_
FNDA:3,_ZN9__gnu_cxx5__ops11__pred_iterIZN6client9checkURLsIN9sharedLib4SongEEEbNSt6vectorIT_SaIS7_EE8iteratorESA_EUlRKS5_E_EENS0_10_Iter_predIS7_EES7_
FN:288,_ZN9__gnu_cxx5__ops11__pred_iterIZN6client9checkURLsIN9sharedLib8PlaylistEEEbNSt6vectorIT_SaIS7_EE8iteratorESA_EUlRKS5_E_EENS0_10_Iter_predIS7_EES7_
FNDA:3,_ZN9__gnu_cxx5__ops11__pred_iterIZN6client9checkURLsIN9sharedLib8PlaylistEEEbNSt6vectorIT_SaIS7_EE8iteratorESA_EUlRKS5_E_EENS0_10_Iter_predIS7_EES7_
DA:276,3
DA:277,3
DA:278,3
DA:276,3
DA:277,3
DA:278,3
DA:282,5
DA:283,5
DA:282,5
DA:283,5
DA:288,3
DA:289,3
DA:288,3
DA:289,3
end_of_record
SF:/usr/local/include/gmock/gmock-matchers.h
FN:305,_ZN7testing25StringMatchResultListenerC2Ev
FNDA:0,_ZN7testing25StringMatchResultListenerC2Ev
FN:308,_ZNK7testing25StringMatchResultListener3strB5cxx11Ev
FNDA:0,_ZNK7testing25StringMatchResultListener3strB5cxx11Ev
FN:561,_ZN7testing8internal15PrintIfNotEmptyERKNSt7__cxx1112basic_stringIcSt11char_traitsIcESaIcEEEPSo
FNDA:0,_ZN7testing8internal15PrintIfNotEmptyERKNSt7__cxx1112basic_stringIcSt11char_traitsIcESaIcEEEPSo
FN:660,_ZN7testing8internal11TuplePrefixILm0EE7MatchesISt5tupleIJEES5_EEbRKT_RKT0_
FNDA:3,_ZN7testing8internal11TuplePrefixILm0EE7MatchesISt5tupleIJEES5_EEbRKT_RKT0_
FN:666,_ZN7testing8internal11TuplePrefixILm0EE22ExplainMatchFailuresToISt5tupleIJEES5_EEvRKT_RKT0_PSo
FNDA:0,_ZN7testing8internal11TuplePrefixILm0EE22ExplainMatchFailuresToISt5tupleIJEES5_EEvRKT_RKT0_PSo
FN:677,_ZN7testing8internal12TupleMatchesISt5tupleIJEES3_EEbRKT_RKT0_
FNDA:3,_ZN7testing8internal12TupleMatchesISt5tupleIJEES3_EEbRKT_RKT0_
FN:691,_ZN7testing8internal26ExplainMatchFailureTupleToISt5tupleIJEES3_EEvRKT_RKT0_PSo
FNDA:0,_ZN7testing8internal26ExplainMatchFailureTupleToISt5tupleIJEES3_EEvRKT_RKT0_PSo
FN:746,_ZNK7testing8internal15AnythingMatcher15MatchAndExplainISt5tupleIJEEEEbRKT_PSo
FNDA:3,_ZNK7testing8internal15AnythingMatcher15MatchAndExplainISt5tupleIJEEEEbRKT_PSo
FN:749,_ZNK7testing8internal15AnythingMatcher10DescribeToEPSo
FNDA:0,_ZNK7testing8internal15AnythingMatcher10DescribeToEPSo
FN:750,_ZNK7testing8internal15AnythingMatcher18DescribeNegationToEPSo
FNDA:0,_ZNK7testing8internal15AnythingMatcher18DescribeNegationToEPSo
FN:4228,_ZN7testing1AIRKSt5tupleIJEEEENS_7MatcherIT_EEv
FNDA:3,_ZN7testing1AIRKSt5tupleIJEEEENS_7MatcherIT_EEv
DA:305,0
DA:308,0
DA:561,0
DA:563,0
DA:564,0
DA:566,0
DA:660,3
DA:662,3
DA:666,0
DA:668,0
DA:677,3
DA:684,3
DA:685,3
DA:691,0
DA:693,0
DA:695,0
DA:746,3
DA:747,3
DA:749,0
DA:750,0
DA:754,0
DA:755,0
DA:4228,3
DA:4229,3
end_of_record
SF:/usr/local/include/gtest/gtest-printers.h
FN:334,_ZN7testing8internal19FormatForComparisonIbbE6FormatB5cxx11ERKb
FNDA:0,_ZN7testing8internal19FormatForComparisonIbbE6FormatB5cxx11ERKb
FN:334,_ZN7testing8internal19FormatForComparisonINSt7__cxx1112basic_stringIcSt11char_traitsIcESaIcEEEA5_cE6FormatERKS7_
FNDA:0,_ZN7testing8internal19FormatForComparisonINSt7__cxx1112basic_stringIcSt11char_traitsIcESaIcEEEA5_cE6FormatERKS7_
FN:334,_ZN7testing8internal19FormatForComparisonINSt7__cxx1112basic_stringIcSt11char_traitsIcESaIcEEEA8_cE6FormatERKS7_
FNDA:0,_ZN7testing8internal19FormatForComparisonINSt7__cxx1112basic_stringIcSt11char_traitsIcESaIcEEEA8_cE6FormatERKS7_
FN:343,_ZN7testing8internal19FormatForComparisonIA5_cNSt7__cxx1112basic_stringIcSt11char_traitsIcESaIcEEEE6FormatEPKc
FNDA:0,_ZN7testing8internal19FormatForComparisonIA5_cNSt7__cxx1112basic_stringIcSt11char_traitsIcESaIcEEEE6FormatEPKc
FN:343,_ZN7testing8internal19FormatForComparisonIA8_cNSt7__cxx1112basic_stringIcSt11char_traitsIcESaIcEEEE6FormatEPKc
FNDA:0,_ZN7testing8internal19FormatForComparisonIA8_cNSt7__cxx1112basic_stringIcSt11char_traitsIcESaIcEEEE6FormatEPKc
FN:388,_ZN7testing8internal19FormatForComparisonIPKcNSt7__cxx1112basic_stringIcSt11char_traitsIcESaIcEEEE6FormatES3_
FNDA:0,_ZN7testing8internal19FormatForComparisonIPKcNSt7__cxx1112basic_stringIcSt11char_traitsIcESaIcEEEE6FormatES3_
FN:414,_ZN7testing8internal33FormatForComparisonFailureMessageIbbEENSt7__cxx1112basic_stringIcSt11char_traitsIcESaIcEEERKT_RKT0_
FNDA:0,_ZN7testing8internal33FormatForComparisonFailureMessageIbbEENSt7__cxx1112basic_stringIcSt11char_traitsIcESaIcEEERKT_RKT0_
FN:414,_ZN7testing8internal33FormatForComparisonFailureMessageINSt7__cxx1112basic_stringIcSt11char_traitsIcESaIcEEEA5_cEES7_RKT_RKT0_
FNDA:0,_ZN7testing8internal33FormatForComparisonFailureMessageINSt7__cxx1112basic_stringIcSt11char_traitsIcESaIcEEEA5_cEES7_RKT_RKT0_
FN:414,_ZN7testing8internal33FormatForComparisonFailureMessageIA5_cNSt7__cxx1112basic_stringIcSt11char_traitsIcESaIcEEEEES8_RKT_RKT0_
FNDA:0,_ZN7testing8internal33FormatForComparisonFailureMessageIA5_cNSt7__cxx1112basic_stringIcSt11char_traitsIcESaIcEEEEES8_RKT_RKT0_
FN:414,_ZN7testing8internal33FormatForComparisonFailureMessageINSt7__cxx1112basic_stringIcSt11char_traitsIcESaIcEEEA8_cEES7_RKT_RKT0_
FNDA:0,_ZN7testing8internal33FormatForComparisonFailureMessageINSt7__cxx1112basic_stringIcSt11char_traitsIcESaIcEEEA8_cEES7_RKT_RKT0_
FN:414,_ZN7testing8internal33FormatForComparisonFailureMessageIA8_cNSt7__cxx1112basic_stringIcSt11char_traitsIcESaIcEEEEES8_RKT_RKT0_
FNDA:0,_ZN7testing8internal33FormatForComparisonFailureMessageIA8_cNSt7__cxx1112basic_stringIcSt11char_traitsIcESaIcEEEEES8_RKT_RKT0_
FN:460,_ZN7testing8internal7PrintToEbPSo
FNDA:0,_ZN7testing8internal7PrintToEbPSo
FN:556,_ZN7testing8internal7PrintToERKNSt7__cxx1112basic_stringIcSt11char_traitsIcESaIcEEEPSo
FNDA:0,_ZN7testing8internal7PrintToERKNSt7__cxx1112basic_stringIcSt11char_traitsIcESaIcEEEPSo
FN:648,_ZN7testing8internal12PrintTupleToISt5tupleIJEEEEvRKT_St17integral_constantImLm0EEPSo
FNDA:1,_ZN7testing8internal12PrintTupleToISt5tupleIJEEEEvRKT_St17integral_constantImLm0EEPSo
FN:665,_ZN7testing8internal7PrintToIJEEEvRKSt5tupleIJDpT_EEPSo
FNDA:1,_ZN7testing8internal7PrintToIJEEEvRKSt5tupleIJDpT_EEPSo
FN:695,_ZN7testing8internal16UniversalPrinterISt5tupleIJEEE5PrintERKS3_PSo
FNDA:1,_ZN7testing8internal16UniversalPrinterISt5tupleIJEEE5PrintERKS3_PSo
FN:695,_ZN7testing8internal16UniversalPrinterIbE5PrintERKbPSo
FNDA:0,_ZN7testing8internal16UniversalPrinterIbE5PrintERKbPSo
FN:695,_ZN7testing8internal16UniversalPrinterINSt7__cxx1112basic_stringIcSt11char_traitsIcESaIcEEEE5PrintERKS7_PSo
FNDA:0,_ZN7testing8internal16UniversalPrinterINSt7__cxx1112basic_stringIcSt11char_traitsIcESaIcEEEE5PrintERKS7_PSo
FN:885,_ZN7testing8internal21UniversalTersePrinterIbE5PrintERKbPSo
FNDA:0,_ZN7testing8internal21UniversalTersePrinterIbE5PrintERKbPSo
FN:885,_ZN7testing8internal21UniversalTersePrinterINSt7__cxx1112basic_stringIcSt11char_traitsIcESaIcEEEE5PrintERKS7_PSo
FNDA:0,_ZN7testing8internal21UniversalTersePrinterINSt7__cxx1112basic_stringIcSt11char_traitsIcESaIcEEEE5PrintERKS7_PSo
FN:906,_ZN7testing8internal21UniversalTersePrinterIPKcE5PrintES3_PSo
FNDA:0,_ZN7testing8internal21UniversalTersePrinterIPKcE5PrintES3_PSo
FN:997,_ZN7testing8internal14UniversalPrintISt5tupleIJEEEEvRKT_PSo
FNDA:1,_ZN7testing8internal14UniversalPrintISt5tupleIJEEEEvRKT_PSo
FN:997,_ZN7testing8internal14UniversalPrintIbEEvRKT_PSo
FNDA:0,_ZN7testing8internal14UniversalPrintIbEEvRKT_PSo
FN:997,_ZN7testing8internal14UniversalPrintINSt7__cxx1112basic_stringIcSt11char_traitsIcESaIcEEEEEvRKT_PSo
FNDA:0,_ZN7testing8internal14UniversalPrintINSt7__cxx1112basic_stringIcSt11char_traitsIcESaIcEEEEEvRKT_PSo
FN:1037,_ZN7testing13PrintToStringIbEENSt7__cxx1112basic_stringIcSt11char_traitsIcESaIcEEERKT_
FNDA:0,_ZN7testing13PrintToStringIbEENSt7__cxx1112basic_stringIcSt11char_traitsIcESaIcEEERKT_
FN:1037,_ZN7testing13PrintToStringIPKcEENSt7__cxx1112basic_stringIcSt11char_traitsIcESaIcEEERKT_
FNDA:0,_ZN7testing13PrintToStringIPKcEENSt7__cxx1112basic_stringIcSt11char_traitsIcESaIcEEERKT_
FN:1037,_ZN7testing13PrintToStringINSt7__cxx1112basic_stringIcSt11char_traitsIcESaIcEEEEES6_RKT_
FNDA:0,_ZN7testing13PrintToStringINSt7__cxx1112basic_stringIcSt11char_traitsIcESaIcEEEEES6_RKT_
DA:334,0
DA:335,0
DA:334,0
DA:335,0
DA:334,0
DA:335,0
DA:343,0
DA:344,0
DA:343,0
DA:344,0
DA:388,0
DA:414,0
DA:416,0
DA:414,0
DA:416,0
DA:414,0
DA:416,0
DA:414,0
DA:416,0
DA:414,0
DA:416,0
DA:460,0
DA:461,0
DA:462,0
DA:556,0
DA:557,0
DA:558,0
DA:648,1
DA:649,1
DA:665,1
DA:666,1
DA:667,1
DA:668,1
DA:669,1
DA:695,1
DA:704,1
DA:705,1
DA:695,0
DA:704,0
DA:705,0
DA:695,0
DA:704,0
DA:705,0
DA:885,0
DA:886,0
DA:887,0
DA:885,0
DA:886,0
DA:887,0
DA:906,0
DA:907,0
DA:908,0
DA:910,0
DA:912,0
DA:997,1
DA:1001,1
DA:1002,1
DA:997,0
DA:1001,0
DA:1002,0
DA:997,0
DA:1001,0
DA:1002,0
DA:1037,0
DA:1038,0
DA:1039,0
DA:1040,0
DA:1037,0
DA:1038,0
DA:1039,0
DA:1040,0
DA:1037,0
DA:1038,0
DA:1039,0
DA:1040,0
end_of_record
SF:/usr/include/c++/9/ext/new_allocator.h
FN:80,_ZN9__gnu_cxx13new_allocatorIcEC2Ev
FNDA:0,_ZN9__gnu_cxx13new_allocatorIcEC2Ev
FN:80,_ZN9__gnu_cxx13new_allocatorISt13_Rb_tree_nodeIN7testing11ExpectationEEEC2Ev
FNDA:3,_ZN9__gnu_cxx13new_allocatorISt13_Rb_tree_nodeIN7testing11ExpectationEEEC2Ev
FN:80,_ZN9__gnu_cxx13new_allocatorIN9sharedLib8PlaylistEEC2Ev
FNDA:0,_ZN9__gnu_cxx13new_allocatorIN9sharedLib8PlaylistEEC2Ev
FN:80,_ZN9__gnu_cxx13new_allocatorIN9sharedLib4SongEEC2Ev
FNDA:0,_ZN9__gnu_cxx13new_allocatorIN9sharedLib4SongEEC2Ev
FN:80,_ZN9__gnu_cxx13new_allocatorIN9sharedLib8PlatformEEC2Ev
FNDA:0,_ZN9__gnu_cxx13new_allocatorIN9sharedLib8PlatformEEC2Ev
FN:80,_ZN9__gnu_cxx13new_allocatorIPKvEC2Ev
FNDA:11,_ZN9__gnu_cxx13new_allocatorIPKvEC2Ev
FN:83,_ZN9__gnu_cxx13new_allocatorIcEC2ERKS1_
FNDA:0,_ZN9__gnu_cxx13new_allocatorIcEC2ERKS1_
FN:89,_ZN9__gnu_cxx13new_allocatorIPKvED2Ev
FNDA:11,_ZN9__gnu_cxx13new_allocatorIPKvED2Ev
FN:89,_ZN9__gnu_cxx13new_allocatorIcED2Ev
FNDA:0,_ZN9__gnu_cxx13new_allocatorIcED2Ev
FN:89,_ZN9__gnu_cxx13new_allocatorISt13_Rb_tree_nodeIN7testing11ExpectationEEED2Ev
FNDA:3,_ZN9__gnu_cxx13new_allocatorISt13_Rb_tree_nodeIN7testing11ExpectationEEED2Ev
FN:89,_ZN9__gnu_cxx13new_allocatorIN9sharedLib8PlaylistEED2Ev
FNDA:0,_ZN9__gnu_cxx13new_allocatorIN9sharedLib8PlaylistEED2Ev
FN:89,_ZN9__gnu_cxx13new_allocatorIN9sharedLib4SongEED2Ev
FNDA:0,_ZN9__gnu_cxx13new_allocatorIN9sharedLib4SongEED2Ev
FN:89,_ZN9__gnu_cxx13new_allocatorIN9sharedLib8PlatformEED2Ev
FNDA:0,_ZN9__gnu_cxx13new_allocatorIN9sharedLib8PlatformEED2Ev
FN:89,_ZN9__gnu_cxx13new_allocatorIN9sharedLib7MessageEED2Ev
FNDA:0,_ZN9__gnu_cxx13new_allocatorIN9sharedLib7MessageEED2Ev
FN:102,_ZN9__gnu_cxx13new_allocatorIN9sharedLib4SongEE8allocateEmPKv
FNDA:0,_ZN9__gnu_cxx13new_allocatorIN9sharedLib4SongEE8allocateEmPKv
FN:102,_ZN9__gnu_cxx13new_allocatorIN9sharedLib8PlaylistEE8allocateEmPKv
FNDA:0,_ZN9__gnu_cxx13new_allocatorIN9sharedLib8PlaylistEE8allocateEmPKv
FN:102,_ZN9__gnu_cxx13new_allocatorIN9sharedLib8PlatformEE8allocateEmPKv
FNDA:0,_ZN9__gnu_cxx13new_allocatorIN9sharedLib8PlatformEE8allocateEmPKv
FN:102,_ZN9__gnu_cxx13new_allocatorISt10shared_ptrIN7testing8internal15ExpectationBaseEEE8allocateEmPKv
FNDA:3,_ZN9__gnu_cxx13new_allocatorISt10shared_ptrIN7testing8internal15ExpectationBaseEEE8allocateEmPKv
FN:119,_ZN9__gnu_cxx13new_allocatorISt13_Rb_tree_nodeIN7testing11ExpectationEEE10deallocateEPS4_m
FNDA:0,_ZN9__gnu_cxx13new_allocatorISt13_Rb_tree_nodeIN7testing11ExpectationEEE10deallocateEPS4_m
FN:119,_ZN9__gnu_cxx13new_allocatorIPKvE10deallocateEPS2_m
FNDA:0,_ZN9__gnu_cxx13new_allocatorIPKvE10deallocateEPS2_m
FN:119,_ZN9__gnu_cxx13new_allocatorIN9sharedLib8PlaylistEE10deallocateEPS2_m
FNDA:0,_ZN9__gnu_cxx13new_allocatorIN9sharedLib8PlaylistEE10deallocateEPS2_m
FN:119,_ZN9__gnu_cxx13new_allocatorIN9sharedLib4SongEE10deallocateEPS2_m
FNDA:0,_ZN9__gnu_cxx13new_allocatorIN9sharedLib4SongEE10deallocateEPS2_m
FN:119,_ZN9__gnu_cxx13new_allocatorIN9sharedLib8PlatformEE10deallocateEPS2_m
FNDA:0,_ZN9__gnu_cxx13new_allocatorIN9sharedLib8PlatformEE10deallocateEPS2_m
FN:119,_ZN9__gnu_cxx13new_allocatorIN9sharedLib7MessageEE10deallocateEPS2_m
FNDA:0,_ZN9__gnu_cxx13new_allocatorIN9sharedLib7MessageEE10deallocateEPS2_m
FN:119,_ZN9__gnu_cxx13new_allocatorISt10shared_ptrIN7testing8internal15ExpectationBaseEEE10deallocateEPS5_m
FNDA:3,_ZN9__gnu_cxx13new_allocatorISt10shared_ptrIN7testing8internal15ExpectationBaseEEE10deallocateEPS5_m
FN:132,_ZNK9__gnu_cxx13new_allocatorISt10shared_ptrIN7testing8internal15ExpectationBaseEEE8max_sizeEv
FNDA:9,_ZNK9__gnu_cxx13new_allocatorISt10shared_ptrIN7testing8internal15ExpectationBaseEEE8max_sizeEv
FN:132,_ZNK9__gnu_cxx13new_allocatorIN9sharedLib8PlatformEE8max_sizeEv
FNDA:0,_ZNK9__gnu_cxx13new_allocatorIN9sharedLib8PlatformEE8max_sizeEv
FN:132,_ZNK9__gnu_cxx13new_allocatorIN9sharedLib4SongEE8max_sizeEv
FNDA:0,_ZNK9__gnu_cxx13new_allocatorIN9sharedLib4SongEE8max_sizeEv
FN:132,_ZNK9__gnu_cxx13new_allocatorIN9sharedLib8PlaylistEE8max_sizeEv
FNDA:0,_ZNK9__gnu_cxx13new_allocatorIN9sharedLib8PlaylistEE8max_sizeEv
FN:144,_ZN9__gnu_cxx13new_allocatorIN9sharedLib8PlaylistEE9constructIS2_JS2_EEEvPT_DpOT0_
FNDA:3,_ZN9__gnu_cxx13new_allocatorIN9sharedLib8PlaylistEE9constructIS2_JS2_EEEvPT_DpOT0_
FN:144,_ZN9__gnu_cxx13new_allocatorIN9sharedLib4SongEE9constructIS2_JS2_EEEvPT_DpOT0_
FNDA:3,_ZN9__gnu_cxx13new_allocatorIN9sharedLib4SongEE9constructIS2_JS2_EEEvPT_DpOT0_
FN:144,_ZN9__gnu_cxx13new_allocatorIN9sharedLib8PlaylistEE9constructIS2_JNS1_3URLERNS1_8PlatformEEEEvPT_DpOT0_
FNDA:1,_ZN9__gnu_cxx13new_allocatorIN9sharedLib8PlaylistEE9constructIS2_JNS1_3URLERNS1_8PlatformEEEEvPT_DpOT0_
FN:144,_ZN9__gnu_cxx13new_allocatorIN9sharedLib4SongEE9constructIS2_JNS1_3URLERNS1_8PlatformEEEEvPT_DpOT0_
FNDA:1,_ZN9__gnu_cxx13new_allocatorIN9sharedLib4SongEE9constructIS2_JNS1_3URLERNS1_8PlatformEEEEvPT_DpOT0_
FN:144,_ZN9__gnu_cxx13new_allocatorIN9sharedLib8PlatformEE9constructIS2_JS2_EEEvPT_DpOT0_
FNDA:1,_ZN9__gnu_cxx13new_allocatorIN9sharedLib8PlatformEE9constructIS2_JS2_EEEvPT_DpOT0_
FN:144,_ZN9__gnu_cxx13new_allocatorIN9sharedLib8PlaylistEE9constructIS2_JNS1_3URLENS1_8PlatformEEEEvPT_DpOT0_
FNDA:6,_ZN9__gnu_cxx13new_allocatorIN9sharedLib8PlaylistEE9constructIS2_JNS1_3URLENS1_8PlatformEEEEvPT_DpOT0_
FN:144,_ZN9__gnu_cxx13new_allocatorIN9sharedLib4SongEE9constructIS2_JNS1_3URLENS1_8PlatformEEEEvPT_DpOT0_
FNDA:6,_ZN9__gnu_cxx13new_allocatorIN9sharedLib4SongEE9constructIS2_JNS1_3URLENS1_8PlatformEEEEvPT_DpOT0_
FN:144,_ZN9__gnu_cxx13new_allocatorISt10shared_ptrIN7testing8internal15ExpectationBaseEEE9constructIS5_JS5_EEEvPT_DpOT0_
FNDA:0,_ZN9__gnu_cxx13new_allocatorISt10shared_ptrIN7testing8internal15ExpectationBaseEEE9constructIS5_JS5_EEEvPT_DpOT0_
FN:144,_ZN9__gnu_cxx13new_allocatorISt10shared_ptrIN7testing8internal15ExpectationBaseEEE9constructIS5_JRKS5_EEEvPT_DpOT0_
FNDA:3,_ZN9__gnu_cxx13new_allocatorISt10shared_ptrIN7testing8internal15ExpectationBaseEEE9constructIS5_JRKS5_EEEvPT_DpOT0_
FN:150,_ZN9__gnu_cxx13new_allocatorISt13_Rb_tree_nodeIN7testing11ExpectationEEE7destroyIS3_EEvPT_
FNDA:0,_ZN9__gnu_cxx13new_allocatorISt13_Rb_tree_nodeIN7testing11ExpectationEEE7destroyIS3_EEvPT_
FN:150,_ZN9__gnu_cxx13new_allocatorISt10shared_ptrIN7testing8internal15ExpectationBaseEEE7destroyIS5_EEvPT_
FNDA:0,_ZN9__gnu_cxx13new_allocatorISt10shared_ptrIN7testing8internal15ExpectationBaseEEE7destroyIS5_EEvPT_
FN:150,_ZN9__gnu_cxx13new_allocatorIN9sharedLib8PlaylistEE7destroyIS2_EEvPT_
FNDA:3,_ZN9__gnu_cxx13new_allocatorIN9sharedLib8PlaylistEE7destroyIS2_EEvPT_
FN:150,_ZN9__gnu_cxx13new_allocatorIN9sharedLib4SongEE7destroyIS2_EEvPT_
FNDA:3,_ZN9__gnu_cxx13new_allocatorIN9sharedLib4SongEE7destroyIS2_EEvPT_
FN:150,_ZN9__gnu_cxx13new_allocatorIN9sharedLib8PlatformEE7destroyIS2_EEvPT_
FNDA:0,_ZN9__gnu_cxx13new_allocatorIN9sharedLib8PlatformEE7destroyIS2_EEvPT_
DA:80,11
DA:80,0
DA:80,0
DA:80,0
DA:80,3
DA:80,0
DA:83,0
DA:89,11
DA:89,0
DA:89,0
DA:89,0
DA:89,0
DA:89,3
DA:89,0
DA:102,3
DA:104,3
DA:105,0
DA:114,3
DA:102,0
DA:104,0
DA:105,0
DA:114,0
DA:102,0
DA:104,0
DA:105,0
DA:114,0
DA:102,0
DA:104,0
DA:105,0
DA:114,0
DA:119,3
DA:128,3
DA:129,3
DA:119,0
DA:128,0
DA:129,0
DA:119,0
DA:128,0
DA:129,0
DA:119,0
DA:128,0
DA:129,0
DA:119,0
DA:128,0
DA:129,0
DA:119,0
DA:128,0
DA:129,0
DA:119,0
DA:128,0
DA:129,0
DA:132,9
DA:135,9
DA:132,0
DA:135,0
DA:132,0
DA:135,0
DA:132,0
DA:135,0
DA:144,0
DA:146,0
DA:144,3
DA:146,3
DA:144,3
DA:146,3
DA:144,3
DA:146,3
DA:144,6
DA:146,6
DA:144,6
DA:146,6
DA:144,1
DA:146,1
DA:144,1
DA:146,1
DA:144,1
DA:146,1
DA:150,0
DA:152,0
DA:150,0
DA:152,0
DA:150,0
DA:152,0
DA:150,3
DA:152,3
DA:150,3
DA:152,3
end_of_record
SF:/usr/local/include/gmock/gmock-spec-builders.h
FN:267,_ZNK7testing8internal21UntypedOnCallSpecBase4fileEv
FNDA:0,_ZNK7testing8internal21UntypedOnCallSpecBase4fileEv
FN:268,_ZNK7testing8internal21UntypedOnCallSpecBase4lineEv
FNDA:0,_ZNK7testing8internal21UntypedOnCallSpecBase4lineEv
FN:281,_ZNK7testing8internal21UntypedOnCallSpecBase18AssertSpecPropertyEbRKNSt7__cxx1112basic_stringIcSt11char_traitsIcESaIcEEE
FNDA:0,_ZNK7testing8internal21UntypedOnCallSpecBase18AssertSpecPropertyEbRKNSt7__cxx1112basic_stringIcSt11char_traitsIcESaIcEEE
FN:344,_ZNK7testing8internal10OnCallSpecIFvvEE7MatchesERKSt5tupleIJEE
FNDA:0,_ZNK7testing8internal10OnCallSpecIFvvEE7MatchesERKSt5tupleIJEE
FN:349,_ZNK7testing8internal10OnCallSpecIFvvEE9GetActionEv
FNDA:0,_ZNK7testing8internal10OnCallSpecIFvvEE9GetActionEv
FN:562,_ZNK7testing11Expectation16expectation_baseEv
FNDA:0,_ZNK7testing11Expectation16expectation_baseEv
FN:592,_ZN7testing14ExpectationSetC2Ev
FNDA:3,_ZN7testing14ExpectationSetC2Ev
FN:628,_ZNK7testing14ExpectationSet5beginEv
FNDA:6,_ZNK7testing14ExpectationSet5beginEv
FN:629,_ZNK7testing14ExpectationSet3endEv
FNDA:6,_ZNK7testing14ExpectationSet3endEv
FN:715,_ZNK7testing8internal15ExpectationBase4fileEv
FNDA:0,_ZNK7testing8internal15ExpectationBase4fileEv
FN:716,_ZNK7testing8internal15ExpectationBase4lineEv
FNDA:0,_ZNK7testing8internal15ExpectationBase4lineEv
FN:717,_ZNK7testing8internal15ExpectationBase11source_textEv
FNDA:3,_ZNK7testing8internal15ExpectationBase11source_textEv
FN:719,_ZNK7testing8internal15ExpectationBase11cardinalityEv
FNDA:18,_ZNK7testing8internal15ExpectationBase11cardinalityEv
FN:722,_ZNK7testing8internal15ExpectationBase18DescribeLocationToEPSo
FNDA:0,_ZNK7testing8internal15ExpectationBase18DescribeLocationToEPSo
FN:791,_ZNK7testing8internal15ExpectationBase10is_retiredEv
FNDA:6,_ZNK7testing8internal15ExpectationBase10is_retiredEv
FN:798,_ZN7testing8internal15ExpectationBase6RetireEv
FNDA:0,_ZN7testing8internal15ExpectationBase6RetireEv
FN:812,_ZNK7testing8internal15ExpectationBase11IsSaturatedEv
FNDA:6,_ZNK7testing8internal15ExpectationBase11IsSaturatedEv
FN:835,_ZNK7testing8internal15ExpectationBase10call_countEv
FNDA:3,_ZNK7testing8internal15ExpectationBase10call_countEv
FN:842,_ZN7testing8internal15ExpectationBase18IncrementCallCountEv
FNDA:3,_ZN7testing8internal15ExpectationBase18IncrementCallCountEv
FN:901,_ZN7testing8internal16TypedExpectationIFvvEEC2EPNS0_14FunctionMockerIS2_EEPKciRKNSt7__cxx1112basic_stringIcSt11char_traitsIcESaIcEEERKSt5tupleIJEE
FNDA:3,_ZN7testing8internal16TypedExpectationIFvvEEC2EPNS0_14FunctionMockerIS2_EEPKciRKNSt7__cxx1112basic_stringIcSt11char_traitsIcESaIcEEERKSt5tupleIJEE
FN:913,_ZN7testing8internal16TypedExpectationIFvvEED2Ev
FNDA:3,_ZN7testing8internal16TypedExpectationIFvvEED2Ev
FN:913,_ZN7testing8internal16TypedExpectationIFvvEED0Ev
FNDA:3,_ZN7testing8internal16TypedExpectationIFvvEED0Ev
FN:942,_ZN7testing8internal16TypedExpectationIFvvEE5TimesERKNS_11CardinalityE
FNDA:3,_ZN7testing8internal16TypedExpectationIFvvEE5TimesERKNS_11CardinalityE
FN:948,_ZN7testing8internal16TypedExpectationIFvvEE5TimesEi
FNDA:3,_ZN7testing8internal16TypedExpectationIFvvEE5TimesEi
FN:1075,_ZNK7testing8internal16TypedExpectationIFvvEE15repeated_actionEv
FNDA:3,_ZNK7testing8internal16TypedExpectationIFvvEE15repeated_actionEv
FN:1079,_ZN7testing8internal16TypedExpectationIFvvEE27MaybeDescribeExtraMatcherToEPSo
FNDA:0,_ZN7testing8internal16TypedExpectationIFvvEE27MaybeDescribeExtraMatcherToEPSo
FN:1093,_ZN7testing8internal16TypedExpectationIFvvEE9GetHandleEv
FNDA:0,_ZN7testing8internal16TypedExpectationIFvvEE9GetHandleEv
FN:1100,_ZNK7testing8internal16TypedExpectationIFvvEE7MatchesERKSt5tupleIJEE
FNDA:3,_ZNK7testing8internal16TypedExpectationIFvvEE7MatchesERKSt5tupleIJEE
FN:1108,_ZNK7testing8internal16TypedExpectationIFvvEE21ShouldHandleArgumentsERKSt5tupleIJEE
FNDA:3,_ZNK7testing8internal16TypedExpectationIFvvEE21ShouldHandleArgumentsERKSt5tupleIJEE
FN:1122,_ZNK7testing8internal16TypedExpectationIFvvEE20ExplainMatchResultToERKSt5tupleIJEEPSo
FNDA:0,_ZNK7testing8internal16TypedExpectationIFvvEE20ExplainMatchResultToERKSt5tupleIJEEPSo
FN:1167,_ZNK7testing8internal16TypedExpectationIFvvEE16GetCurrentActionEPKNS0_14FunctionMockerIS2_EERKSt5tupleIJEE
FNDA:3,_ZNK7testing8internal16TypedExpectationIFvvEE16GetCurrentActionEPKNS0_14FunctionMockerIS2_EERKSt5tupleIJEE
FN:1204,_ZN7testing8internal16TypedExpectationIFvvEE21GetActionForArgumentsEPKNS0_14FunctionMockerIS2_EERKSt5tupleIJEEPSoSC_
FNDA:3,_ZN7testing8internal16TypedExpectationIFvvEE21GetActionForArgumentsEPKNS0_14FunctionMockerIS2_EERKSt5tupleIJEEPSoSC_
FN:1266,_ZN7testing8internal8MockSpecIFvvEEC2EPNS0_14FunctionMockerIS2_EERKSt5tupleIJEE
FNDA:3,_ZN7testing8internal8MockSpecIFvvEEC2EPNS0_14FunctionMockerIS2_EERKSt5tupleIJEE
FN:1281,_ZN7testing8internal8MockSpecIFvvEE18InternalExpectedAtEPKciS5_S5_
FNDA:3,_ZN7testing8internal8MockSpecIFvvEE18InternalExpectedAtEPKciS5_S5_
FN:1293,_ZN7testing8internal8MockSpecIFvvEEclERKNS0_15WithoutMatchersEPv
FNDA:3,_ZN7testing8internal8MockSpecIFvvEEclERKNS0_15WithoutMatchersEPv
FN:1369,_ZN7testing8internal29UntypedActionResultHolderBaseD2Ev
FNDA:4,_ZN7testing8internal29UntypedActionResultHolderBaseD2Ev
FN:1369,_ZN7testing8internal29UntypedActionResultHolderBaseD0Ev
FNDA:0,_ZN7testing8internal29UntypedActionResultHolderBaseD0Ev
FN:1427,_ZN7testing8internal18ActionResultHolderIvE6UnwrapEv
FNDA:4,_ZN7testing8internal18ActionResultHolderIvE6UnwrapEv
FN:1429,_ZNK7testing8internal18ActionResultHolderIvE19PrintAsActionResultEPSo
FNDA:1,_ZNK7testing8internal18ActionResultHolderIvE19PrintAsActionResultEPSo
FN:1434,_ZN7testing8internal18ActionResultHolderIvE20PerformDefaultActionIFvvEEEPS2_PKNS0_14FunctionMockerIT_EEONS0_8FunctionIS7_E13ArgumentTupleERKNSt7__cxx1112basic_stringIcSt11char_traitsIcESaIcEEE
FNDA:4,_ZN7testing8internal18ActionResultHolderIvE20PerformDefaultActionIFvvEEEPS2_PKNS0_14FunctionMockerIT_EEONS0_8FunctionIS7_E13ArgumentTupleERKNSt7__cxx1112basic_stringIcSt11char_traitsIcESaIcEEE
FN:1445,_ZN7testing8internal18ActionResultHolderIvE13PerformActionIFvvEEEPS2_RKNS_6ActionIT_EEONS0_8FunctionIS7_E13ArgumentTupleE
FNDA:0,_ZN7testing8internal18ActionResultHolderIvE13PerformActionIFvvEEEPS2_RKNS_6ActionIT_EEONS0_8FunctionIS7_E13ArgumentTupleE
FN:1452,_ZN7testing8internal18ActionResultHolderIvEC2Ev
FNDA:4,_ZN7testing8internal18ActionResultHolderIvEC2Ev
FN:1468,_ZN7testing8internal14FunctionMockerIFvvEEC2Ev
FNDA:4,_ZN7testing8internal14FunctionMockerIFvvEEC2Ev
FN:1488,_ZN7testing8internal14FunctionMockerIFvvEED2Ev
FNDA:4,_ZN7testing8internal14FunctionMockerIFvvEED2Ev
FN:1488,_ZN7testing8internal14FunctionMockerIFvvEED0Ev
FNDA:0,_ZN7testing8internal14FunctionMockerIFvvEED0Ev
FN:1498,_ZNK7testing8internal14FunctionMockerIFvvEE14FindOnCallSpecERKSt5tupleIJEE
FNDA:5,_ZNK7testing8internal14FunctionMockerIFvvEE14FindOnCallSpecERKSt5tupleIJEE
FN:1518,_ZNK7testing8internal14FunctionMockerIFvvEE20PerformDefaultActionEOSt5tupleIJEERKNSt7__cxx1112basic_stringIcSt11char_traitsIcESaIcEEE
FNDA:4,_ZNK7testing8internal14FunctionMockerIFvvEE20PerformDefaultActionEOSt5tupleIJEERKNSt7__cxx1112basic_stringIcSt11char_traitsIcESaIcEEE
FN:1544,_ZNK7testing8internal14FunctionMockerIFvvEE27UntypedPerformDefaultActionEPvRKNSt7__cxx1112basic_stringIcSt11char_traitsIcESaIcEEE
FNDA:4,_ZNK7testing8internal14FunctionMockerIFvvEE27UntypedPerformDefaultActionEPvRKNSt7__cxx1112basic_stringIcSt11char_traitsIcESaIcEEE
FN:1556,_ZNK7testing8internal14FunctionMockerIFvvEE20UntypedPerformActionEPKvPv
FNDA:0,_ZNK7testing8internal14FunctionMockerIFvvEE20UntypedPerformActionEPKvPv
FN:1567,_ZN7testing8internal14FunctionMockerIFvvEE25ClearDefaultActionsLockedEv
FNDA:4,_ZN7testing8internal14FunctionMockerIFvvEE25ClearDefaultActionsLockedEv
FN:1596,_ZN7testing8internal14FunctionMockerIFvvEE6InvokeEv
FNDA:4,_ZN7testing8internal14FunctionMockerIFvvEE6InvokeEv
FN:1603,_ZN7testing8internal14FunctionMockerIFvvEE4WithEv
FNDA:3,_ZN7testing8internal14FunctionMockerIFvvEE4WithEv
FN:1625,_ZN7testing8internal14FunctionMockerIFvvEE17AddNewExpectationEPKciRKNSt7__cxx1112basic_stringIcSt11char_traitsIcESaIcEEERKSt5tupleIJEE
FNDA:3,_ZN7testing8internal14FunctionMockerIFvvEE17AddNewExpectationEPKciRKNSt7__cxx1112basic_stringIcSt11char_traitsIcESaIcEEERKSt5tupleIJEE
FN:1654,_ZNK7testing8internal14FunctionMockerIFvvEE23DescribeDefaultActionToERKSt5tupleIJEEPSo
FNDA:1,_ZNK7testing8internal14FunctionMockerIFvvEE23DescribeDefaultActionToERKSt5tupleIJEEPSo
FN:1670,_ZNK7testing8internal14FunctionMockerIFvvEE32UntypedDescribeUninterestingCallEPKvPSo
FNDA:1,_ZNK7testing8internal14FunctionMockerIFvvEE32UntypedDescribeUninterestingCallEPKvPSo
FN:1697,_ZN7testing8internal14FunctionMockerIFvvEE30UntypedFindMatchingExpectationEPKvPS5_PbPSoS8_
FNDA:3,_ZN7testing8internal14FunctionMockerIFvvEE30UntypedFindMatchingExpectationEPKvPS5_PbPSoS8_
FN:1722,_ZNK7testing8internal14FunctionMockerIFvvEE16UntypedPrintArgsEPKvPSo
FNDA:0,_ZNK7testing8internal14FunctionMockerIFvvEE16UntypedPrintArgsEPKvPSo
FN:1731,_ZNK7testing8internal14FunctionMockerIFvvEE29FindMatchingExpectationLockedERKSt5tupleIJEE
FNDA:3,_ZNK7testing8internal14FunctionMockerIFvvEE29FindMatchingExpectationLockedERKSt5tupleIJEE
FN:1750,_ZNK7testing8internal14FunctionMockerIFvvEE33FormatUnexpectedCallMessageLockedERKSt5tupleIJEEPSoS8_
FNDA:0,_ZNK7testing8internal14FunctionMockerIFvvEE33FormatUnexpectedCallMessageLockedERKSt5tupleIJEEPSoS8_
FN:1763,_ZNK7testing8internal14FunctionMockerIFvvEE28PrintTriedExpectationsLockedERKSt5tupleIJEEPSo
[...]
FN:182,_ZNSt14_Function_base13_Base_managerIZN6client12MessageGroup7sendNetEvEUlRKN9sharedLib7MessageEE0_E10_M_destroyERSt9_Any_dataSt17integral_constantIbLb1EE
FNDA:0,_ZNSt14_Function_base13_Base_managerIZN6client12MessageGroup7sendNetEvEUlRKN9sharedLib7MessageEE0_E10_M_destroyERSt9_Any_dataSt17integral_constantIbLb1EE
FN:196,_ZNSt14_Function_base13_Base_managerIZN6client12MessageGroup7sendNetEvEUlRKN9sharedLib7MessageEE0_E10_M_managerERSt9_Any_dataRKS9_St18_Manager_operation
FNDA:0,_ZNSt14_Function_base13_Base_managerIZN6client12MessageGroup7sendNetEvEUlRKN9sharedLib7MessageEE0_E10_M_managerERSt9_Any_dataRKS9_St18_Manager_operation
FN:196,_ZNSt14_Function_base13_Base_managerIZN6client12MessageGroup7sendNetEvEUlRKN9sharedLib7MessageEE_E10_M_managerERSt9_Any_dataRKS9_St18_Manager_operation
FNDA:2,_ZNSt14_Function_base13_Base_managerIZN6client12MessageGroup7sendNetEvEUlRKN9sharedLib7MessageEE_E10_M_managerERSt9_Any_dataRKS9_St18_Manager_operation
FN:222,_ZNSt14_Function_base13_Base_managerIZN6client12MessageGroup7sendNetEvEUlRKN9sharedLib7MessageEE0_E15_M_init_functorERSt9_Any_dataOS7_
FNDA:0,_ZNSt14_Function_base13_Base_managerIZN6client12MessageGroup7sendNetEvEUlRKN9sharedLib7MessageEE0_E15_M_init_functorERSt9_Any_dataOS7_
FN:222,_ZNSt14_Function_base13_Base_managerIZN6client12MessageGroup7sendNetEvEUlRKN9sharedLib7MessageEE_E15_M_init_functorERSt9_Any_dataOS7_
FNDA:2,_ZNSt14_Function_base13_Base_managerIZN6client12MessageGroup7sendNetEvEUlRKN9sharedLib7MessageEE_E15_M_init_functorERSt9_Any_dataOS7_
FN:242,_ZNSt14_Function_base13_Base_managerIZN6client12MessageGroup7sendNetEvEUlRKN9sharedLib7MessageEE0_E21_M_not_empty_functionIS7_EEbRKT_
FNDA:0,_ZNSt14_Function_base13_Base_managerIZN6client12MessageGroup7sendNetEvEUlRKN9sharedLib7MessageEE0_E21_M_not_empty_functionIS7_EEbRKT_
FN:242,_ZNSt14_Function_base13_Base_managerIZN6client12MessageGroup7sendNetEvEUlRKN9sharedLib7MessageEE_E21_M_not_empty_functionIS7_EEbRKT_
FNDA:2,_ZNSt14_Function_base13_Base_managerIZN6client12MessageGroup7sendNetEvEUlRKN9sharedLib7MessageEE_E21_M_not_empty_functionIS7_EEbRKT_
FN:247,_ZNSt14_Function_base13_Base_managerIZN6client12MessageGroup7sendNetEvEUlRKN9sharedLib7MessageEE0_E15_M_init_functorERSt9_Any_dataOS7_St17integral_constantIbLb1EE
FNDA:0,_ZNSt14_Function_base13_Base_managerIZN6client12MessageGroup7sendNetEvEUlRKN9sharedLib7MessageEE0_E15_M_init_functorERSt9_Any_dataOS7_St17integral_constantIbLb1EE
FN:247,_ZNSt14_Function_base13_Base_managerIZN6client12MessageGroup7sendNetEvEUlRKN9sharedLib7MessageEE_E15_M_init_functorERSt9_Any_dataOS7_St17integral_constantIbLb1EE
FNDA:2,_ZNSt14_Function_base13_Base_managerIZN6client12MessageGroup7sendNetEvEUlRKN9sharedLib7MessageEE_E15_M_init_functorERSt9_Any_dataOS7_St17integral_constantIbLb1EE
FN:255,_ZNSt14_Function_baseC2Ev
FNDA:8,_ZNSt14_Function_baseC2Ev
FN:257,_ZNSt14_Function_baseD2Ev
FNDA:8,_ZNSt14_Function_baseD2Ev
FN:263,_ZNKSt14_Function_base8_M_emptyEv
FNDA:7,_ZNKSt14_Function_base8_M_emptyEv
FN:298,_ZNSt17_Function_handlerIFvRKN9sharedLib7MessageEEZN6client12MessageGroup7sendNetEvEUlS3_E_E9_M_invokeERKSt9_Any_dataS3_
FNDA:0,_ZNSt17_Function_handlerIFvRKN9sharedLib7MessageEEZN6client12MessageGroup7sendNetEvEUlS3_E_E9_M_invokeERKSt9_Any_dataS3_
FN:298,_ZNSt17_Function_handlerIFvRKN9sharedLib7MessageEEZN6client12MessageGroup7sendNetEvEUlS3_E0_E9_M_invokeERKSt9_Any_dataS3_
FNDA:0,_ZNSt17_Function_handlerIFvRKN9sharedLib7MessageEEZN6client12MessageGroup7sendNetEvEUlS3_E0_E9_M_invokeERKSt9_Any_dataS3_
FN:396,_ZNSt8functionIFvRKN9__gnu_cxx17__normal_iteratorIPN9sharedLib7MessageESt6vectorIS3_SaIS3_EEEESA_EEC2Ev
FNDA:1,_ZNSt8functionIFvRKN9__gnu_cxx17__normal_iteratorIPN9sharedLib7MessageESt6vectorIS3_SaIS3_EEEESA_EEC2Ev
FN:462,_ZNSt8functionIFvRKN9__gnu_cxx17__normal_iteratorIPN9sharedLib7MessageESt6vectorIS3_SaIS3_EEEESA_EEaSERKSC_
FNDA:1,_ZNSt8functionIFvRKN9__gnu_cxx17__normal_iteratorIPN9sharedLib7MessageESt6vectorIS3_SaIS3_EEEESA_EEaSERKSC_
FN:547,_ZNSt8functionIFvRKN9__gnu_cxx17__normal_iteratorIPN9sharedLib7MessageESt6vectorIS3_SaIS3_EEEESA_EE4swapERSC_
FNDA:1,_ZNSt8functionIFvRKN9__gnu_cxx17__normal_iteratorIPN9sharedLib7MessageESt6vectorIS3_SaIS3_EEEESA_EE4swapERSC_
FN:564,_ZNKSt8functionIFvRKN9__gnu_cxx17__normal_iteratorIPN9sharedLib7MessageESt6vectorIS3_SaIS3_EEEESA_EEcvbEv
FNDA:1,_ZNKSt8functionIFvRKN9__gnu_cxx17__normal_iteratorIPN9sharedLib7MessageESt6vectorIS3_SaIS3_EEEESA_EEcvbEv
FN:653,_ZNSt8functionIFvRKN9__gnu_cxx17__normal_iteratorIPN9sharedLib7MessageESt6vectorIS3_SaIS3_EEEESA_EEC2ERKSC_
FNDA:1,_ZNSt8functionIFvRKN9__gnu_cxx17__normal_iteratorIPN9sharedLib7MessageESt6vectorIS3_SaIS3_EEEESA_EEC2ERKSC_
FN:667,_ZNSt8functionIFvRKN9sharedLib7MessageEEEC2IZN6client12MessageGroup7sendNetEvEUlS3_E0_vvEET_
FNDA:0,_ZNSt8functionIFvRKN9sharedLib7MessageEEEC2IZN6client12MessageGroup7sendNetEvEUlS3_E0_vvEET_
FN:667,_ZNSt8functionIFvRKN9sharedLib7MessageEEEC2IZN6client12MessageGroup7sendNetEvEUlS3_E_vvEET_
FNDA:2,_ZNSt8functionIFvRKN9sharedLib7MessageEEEC2IZN6client12MessageGroup7sendNetEvEUlS3_E_vvEET_
FN:683,_ZNKSt8functionIFvRKN9__gnu_cxx17__normal_iteratorIPN9sharedLib7MessageESt6vectorIS3_SaIS3_EEEESA_EEclESA_SA_
FNDA:3,_ZNKSt8functionIFvRKN9__gnu_cxx17__normal_iteratorIPN9sharedLib7MessageESt6vectorIS3_SaIS3_EEEESA_EEclESA_SA_
DA:87,8
DA:88,4
DA:92,0
DA:93,0
DA:92,2
DA:93,2
DA:92,0
DA:93,0
DA:92,0
DA:93,0
DA:92,0
DA:93,0
DA:97,0
DA:98,0
DA:97,0
DA:98,0
DA:151,0
DA:155,0
DA:156,0
DA:151,0
DA:155,0
DA:156,0
DA:165,0
DA:167,0
DA:168,0
DA:165,0
DA:167,0
DA:168,0
DA:182,0
DA:184,0
DA:185,0
DA:182,2
DA:184,2
DA:185,2
DA:196,0
DA:199,0
DA:202,0
DA:203,0
DA:204,0
DA:206,0
DA:207,0
DA:208,0
DA:210,0
DA:211,0
DA:212,0
DA:214,0
DA:215,0
DA:216,0
DA:218,0
DA:196,2
DA:199,2
DA:202,0
DA:203,0
DA:204,0
DA:206,0
DA:207,0
DA:208,0
DA:210,0
DA:211,0
DA:212,0
DA:214,2
DA:215,2
DA:216,2
DA:218,2
DA:222,0
DA:223,0
DA:222,2
DA:223,2
DA:242,0
DA:243,0
DA:242,2
DA:243,2
DA:247,0
DA:248,0
DA:247,2
DA:248,2
DA:255,8
DA:257,8
DA:258,8
DA:259,8
DA:260,4
DA:261,8
DA:263,7
DA:298,0
DA:300,0
DA:302,0
DA:298,0
DA:300,0
DA:302,0
DA:396,1
DA:397,1
DA:462,1
DA:464,1
DA:465,1
DA:547,1
DA:549,1
DA:550,1
DA:551,1
DA:552,1
DA:564,1
DA:565,1
DA:653,1
DA:655,1
DA:657,1
DA:659,1
DA:660,1
DA:661,1
DA:663,1
DA:667,0
DA:669,0
DA:673,0
DA:675,0
DA:676,0
DA:677,0
DA:679,0
DA:667,2
DA:669,2
DA:673,2
DA:675,2
DA:676,2
DA:677,2
DA:679,2
DA:683,3
DA:686,3
DA:687,0
DA:688,3
end_of_record
SF:/usr/include/c++/9/bits/stl_iterator.h
FN:803,_ZN9__gnu_cxx17__normal_iteratorIPN9sharedLib8PlatformESt6vectorIS2_SaIS2_EEEC2ERKS3_
FNDA:2,_ZN9__gnu_cxx17__normal_iteratorIPN9sharedLib8PlatformESt6vectorIS2_SaIS2_EEEC2ERKS3_
FN:803,_ZN9__gnu_cxx17__normal_iteratorIPKN9sharedLib4SongESt6vectorIS2_SaIS2_EEEC2ERKS4_
FNDA:6,_ZN9__gnu_cxx17__normal_iteratorIPKN9sharedLib4SongESt6vectorIS2_SaIS2_EEEC2ERKS4_
FN:803,_ZN9__gnu_cxx17__normal_iteratorIPN9sharedLib7MessageESt6vectorIS2_SaIS2_EEEC2ERKS3_
FNDA:12,_ZN9__gnu_cxx17__normal_iteratorIPN9sharedLib7MessageESt6vectorIS2_SaIS2_EEEC2ERKS3_
FN:803,_ZN9__gnu_cxx17__normal_iteratorIPKN9sharedLib8PlatformESt6vectorIS2_SaIS2_EEEC2ERKS4_
FNDA:6,_ZN9__gnu_cxx17__normal_iteratorIPKN9sharedLib8PlatformESt6vectorIS2_SaIS2_EEEC2ERKS4_
FN:803,_ZN9__gnu_cxx17__normal_iteratorIPN9sharedLib8PlaylistESt6vectorIS2_SaIS2_EEEC2ERKS3_
FNDA:20,_ZN9__gnu_cxx17__normal_iteratorIPN9sharedLib8PlaylistESt6vectorIS2_SaIS2_EEEC2ERKS3_
FN:803,_ZN9__gnu_cxx17__normal_iteratorIPN9sharedLib4SongESt6vectorIS2_SaIS2_EEEC2ERKS3_
FNDA:20,_ZN9__gnu_cxx17__normal_iteratorIPN9sharedLib4SongESt6vectorIS2_SaIS2_EEEC2ERKS3_
FN:803,_ZN9__gnu_cxx17__normal_iteratorIPKN9sharedLib7MessageESt6vectorIS2_SaIS2_EEEC2ERKS4_
FNDA:0,_ZN9__gnu_cxx17__normal_iteratorIPKN9sharedLib7MessageESt6vectorIS2_SaIS2_EEEC2ERKS4_
FN:803,_ZN9__gnu_cxx17__normal_iteratorIPKN9sharedLib8PlaylistESt6vectorIS2_SaIS2_EEEC2ERKS4_
FNDA:6,_ZN9__gnu_cxx17__normal_iteratorIPKN9sharedLib8PlaylistESt6vectorIS2_SaIS2_EEEC2ERKS4_
FN:816,_ZNK9__gnu_cxx17__normal_iteratorIPN9sharedLib4SongESt6vectorIS2_SaIS2_EEEdeEv
FNDA:5,_ZNK9__gnu_cxx17__normal_iteratorIPN9sharedLib4SongESt6vectorIS2_SaIS2_EEEdeEv
FN:816,_ZNK9__gnu_cxx17__normal_iteratorIPN9sharedLib8PlaylistESt6vectorIS2_SaIS2_EEEdeEv
FNDA:5,_ZNK9__gnu_cxx17__normal_iteratorIPN9sharedLib8PlaylistESt6vectorIS2_SaIS2_EEEdeEv
FN:816,_ZNK9__gnu_cxx17__normal_iteratorIPKN9sharedLib7MessageESt6vectorIS2_SaIS2_EEEdeEv
FNDA:0,_ZNK9__gnu_cxx17__normal_iteratorIPKN9sharedLib7MessageESt6vectorIS2_SaIS2_EEEdeEv
FN:816,_ZNK9__gnu_cxx17__normal_iteratorIPKN9sharedLib8PlaylistESt6vectorIS2_SaIS2_EEEdeEv
FNDA:2,_ZNK9__gnu_cxx17__normal_iteratorIPKN9sharedLib8PlaylistESt6vectorIS2_SaIS2_EEEdeEv
FN:816,_ZNK9__gnu_cxx17__normal_iteratorIPKN9sharedLib4SongESt6vectorIS2_SaIS2_EEEdeEv
FNDA:2,_ZNK9__gnu_cxx17__normal_iteratorIPKN9sharedLib4SongESt6vectorIS2_SaIS2_EEEdeEv
FN:816,_ZNK9__gnu_cxx17__normal_iteratorIPN9sharedLib7MessageESt6vectorIS2_SaIS2_EEEdeEv
FNDA:2,_ZNK9__gnu_cxx17__normal_iteratorIPN9sharedLib7MessageESt6vectorIS2_SaIS2_EEEdeEv
FN:824,_ZN9__gnu_cxx17__normal_iteratorIPN9sharedLib8PlaylistESt6vectorIS2_SaIS2_EEEppEv
FNDA:3,_ZN9__gnu_cxx17__normal_iteratorIPN9sharedLib8PlaylistESt6vectorIS2_SaIS2_EEEppEv
FN:824,_ZN9__gnu_cxx17__normal_iteratorIPN9sharedLib4SongESt6vectorIS2_SaIS2_EEEppEv
FNDA:3,_ZN9__gnu_cxx17__normal_iteratorIPN9sharedLib4SongESt6vectorIS2_SaIS2_EEEppEv
FN:824,_ZN9__gnu_cxx17__normal_iteratorIPN9sharedLib7MessageESt6vectorIS2_SaIS2_EEEppEv
FNDA:2,_ZN9__gnu_cxx17__normal_iteratorIPN9sharedLib7MessageESt6vectorIS2_SaIS2_EEEppEv
FN:824,_ZN9__gnu_cxx17__normal_iteratorIPKN9sharedLib7MessageESt6vectorIS2_SaIS2_EEEppEv
FNDA:0,_ZN9__gnu_cxx17__normal_iteratorIPKN9sharedLib7MessageESt6vectorIS2_SaIS2_EEEppEv
FN:824,_ZN9__gnu_cxx17__normal_iteratorIPKN9sharedLib8PlaylistESt6vectorIS2_SaIS2_EEEppEv
FNDA:2,_ZN9__gnu_cxx17__normal_iteratorIPKN9sharedLib8PlaylistESt6vectorIS2_SaIS2_EEEppEv
FN:824,_ZN9__gnu_cxx17__normal_iteratorIPKN9sharedLib4SongESt6vectorIS2_SaIS2_EEEppEv
FNDA:2,_ZN9__gnu_cxx17__normal_iteratorIPKN9sharedLib4SongESt6vectorIS2_SaIS2_EEEppEv
FN:856,_ZNK9__gnu_cxx17__normal_iteratorIPN9sharedLib8PlatformESt6vectorIS2_SaIS2_EEEplEl
FNDA:0,_ZNK9__gnu_cxx17__normal_iteratorIPN9sharedLib8PlatformESt6vectorIS2_SaIS2_EEEplEl
FN:856,_ZNK9__gnu_cxx17__normal_iteratorIPN9sharedLib4SongESt6vectorIS2_SaIS2_EEEplEl
FNDA:0,_ZNK9__gnu_cxx17__normal_iteratorIPN9sharedLib4SongESt6vectorIS2_SaIS2_EEEplEl
FN:856,_ZNK9__gnu_cxx17__normal_iteratorIPN9sharedLib8PlaylistESt6vectorIS2_SaIS2_EEEplEl
FNDA:0,_ZNK9__gnu_cxx17__normal_iteratorIPN9sharedLib8PlaylistESt6vectorIS2_SaIS2_EEEplEl
FN:856,_ZNK9__gnu_cxx17__normal_iteratorIPN9sharedLib7MessageESt6vectorIS2_SaIS2_EEEplEl
FNDA:0,_ZNK9__gnu_cxx17__normal_iteratorIPN9sharedLib7MessageESt6vectorIS2_SaIS2_EEEplEl
FN:868,_ZNK9__gnu_cxx17__normal_iteratorIPKN9sharedLib8PlatformESt6vectorIS2_SaIS2_EEE4baseEv
FNDA:6,_ZNK9__gnu_cxx17__normal_iteratorIPKN9sharedLib8PlatformESt6vectorIS2_SaIS2_EEE4baseEv
FN:868,_ZNK9__gnu_cxx17__normal_iteratorIPN9sharedLib8PlatformESt6vectorIS2_SaIS2_EEE4baseEv
FNDA:4,_ZNK9__gnu_cxx17__normal_iteratorIPN9sharedLib8PlatformESt6vectorIS2_SaIS2_EEE4baseEv
FN:868,_ZNK9__gnu_cxx17__normal_iteratorIPN9sharedLib4SongESt6vectorIS2_SaIS2_EEE4baseEv
FNDA:46,_ZNK9__gnu_cxx17__normal_iteratorIPN9sharedLib4SongESt6vectorIS2_SaIS2_EEE4baseEv
FN:868,_ZNK9__gnu_cxx17__normal_iteratorIPKN9sharedLib4SongESt6vectorIS2_SaIS2_EEE4baseEv
FNDA:10,_ZNK9__gnu_cxx17__normal_iteratorIPKN9sharedLib4SongESt6vectorIS2_SaIS2_EEE4baseEv
FN:868,_ZNK9__gnu_cxx17__normal_iteratorIPN9sharedLib8PlaylistESt6vectorIS2_SaIS2_EEE4baseEv
FNDA:46,_ZNK9__gnu_cxx17__normal_iteratorIPN9sharedLib8PlaylistESt6vectorIS2_SaIS2_EEE4baseEv
FN:868,_ZNK9__gnu_cxx17__normal_iteratorIPKN9sharedLib8PlaylistESt6vectorIS2_SaIS2_EEE4baseEv
FNDA:10,_ZNK9__gnu_cxx17__normal_iteratorIPKN9sharedLib8PlaylistESt6vectorIS2_SaIS2_EEE4baseEv
FN:868,_ZNK9__gnu_cxx17__normal_iteratorIPKN9sharedLib7MessageESt6vectorIS2_SaIS2_EEE4baseEv
FNDA:0,_ZNK9__gnu_cxx17__normal_iteratorIPKN9sharedLib7MessageESt6vectorIS2_SaIS2_EEE4baseEv
FN:868,_ZNK9__gnu_cxx17__normal_iteratorIPN9sharedLib7MessageESt6vectorIS2_SaIS2_EEE4baseEv
FNDA:12,_ZNK9__gnu_cxx17__normal_iteratorIPN9sharedLib7MessageESt6vectorIS2_SaIS2_EEE4baseEv
FN:904,_ZN9__gnu_cxxneIPN9sharedLib7MessageESt6vectorIS2_SaIS2_EEEEbRKNS_17__normal_iteratorIT_T0_EESC_
FNDA:4,_ZN9__gnu_cxxneIPN9sharedLib7MessageESt6vectorIS2_SaIS2_EEEEbRKNS_17__normal_iteratorIT_T0_EESC_
FN:904,_ZN9__gnu_cxxneIPKN9sharedLib4SongESt6vectorIS2_SaIS2_EEEEbRKNS_17__normal_iteratorIT_T0_EESD_
FNDA:5,_ZN9__gnu_cxxneIPKN9sharedLib4SongESt6vectorIS2_SaIS2_EEEEbRKNS_17__normal_iteratorIT_T0_EESD_
FN:904,_ZN9__gnu_cxxneIPKN9sharedLib8PlaylistESt6vectorIS2_SaIS2_EEEEbRKNS_17__normal_iteratorIT_T0_EESD_
FNDA:5,_ZN9__gnu_cxxneIPKN9sharedLib8PlaylistESt6vectorIS2_SaIS2_EEEEbRKNS_17__normal_iteratorIT_T0_EESD_
FN:904,_ZN9__gnu_cxxneIPKN9sharedLib7MessageESt6vectorIS2_SaIS2_EEEEbRKNS_17__normal_iteratorIT_T0_EESD_
FNDA:0,_ZN9__gnu_cxxneIPKN9sharedLib7MessageESt6vectorIS2_SaIS2_EEEEbRKNS_17__normal_iteratorIT_T0_EESD_
FN:904,_ZN9__gnu_cxxneIPN9sharedLib4SongESt6vectorIS2_SaIS2_EEEEbRKNS_17__normal_iteratorIT_T0_EESC_
FNDA:3,_ZN9__gnu_cxxneIPN9sharedLib4SongESt6vectorIS2_SaIS2_EEEEbRKNS_17__normal_iteratorIT_T0_EESC_
FN:904,_ZN9__gnu_cxxneIPN9sharedLib8PlaylistESt6vectorIS2_SaIS2_EEEEbRKNS_17__normal_iteratorIT_T0_EESC_
FNDA:3,_ZN9__gnu_cxxneIPN9sharedLib8PlaylistESt6vectorIS2_SaIS2_EEEEbRKNS_17__normal_iteratorIT_T0_EESC_
FN:986,_ZN9__gnu_cxxmiIPN9sharedLib7MessageESt6vectorIS2_SaIS2_EEEENS_17__normal_iteratorIT_T0_E15difference_typeERKSA_SD_
FNDA:1,_ZN9__gnu_cxxmiIPN9sharedLib7MessageESt6vectorIS2_SaIS2_EEEENS_17__normal_iteratorIT_T0_E15difference_typeERKSA_SD_
FN:1007,_ZSt12__niter_baseIPN9sharedLib4SongESt6vectorIS1_SaIS1_EEET_N9__gnu_cxx17__normal_iteratorIS6_T0_EE
FNDA:0,_ZSt12__niter_baseIPN9sharedLib4SongESt6vectorIS1_SaIS1_EEET_N9__gnu_cxx17__normal_iteratorIS6_T0_EE
FN:1007,_ZSt12__niter_baseIPN9sharedLib8PlatformESt6vectorIS1_SaIS1_EEET_N9__gnu_cxx17__normal_iteratorIS6_T0_EE
FNDA:0,_ZSt12__niter_baseIPN9sharedLib8PlatformESt6vectorIS1_SaIS1_EEET_N9__gnu_cxx17__normal_iteratorIS6_T0_EE
FN:1007,_ZSt12__niter_baseIPKN9sharedLib7MessageESt6vectorIS1_SaIS1_EEET_N9__gnu_cxx17__normal_iteratorIS7_T0_EE
FNDA:0,_ZSt12__niter_baseIPKN9sharedLib7MessageESt6vectorIS1_SaIS1_EEET_N9__gnu_cxx17__normal_iteratorIS7_T0_EE
FN:1007,_ZSt12__niter_baseIPN9sharedLib7MessageESt6vectorIS1_SaIS1_EEET_N9__gnu_cxx17__normal_iteratorIS6_T0_EE
FNDA:0,_ZSt12__niter_baseIPN9sharedLib7MessageESt6vectorIS1_SaIS1_EEET_N9__gnu_cxx17__normal_iteratorIS6_T0_EE
FN:1007,_ZSt12__niter_baseIPKN9sharedLib8PlaylistESt6vectorIS1_SaIS1_EEET_N9__gnu_cxx17__normal_iteratorIS7_T0_EE
FNDA:0,_ZSt12__niter_baseIPKN9sharedLib8PlaylistESt6vectorIS1_SaIS1_EEET_N9__gnu_cxx17__normal_iteratorIS7_T0_EE
FN:1007,_ZSt12__niter_baseIPN9sharedLib8PlaylistESt6vectorIS1_SaIS1_EEET_N9__gnu_cxx17__normal_iteratorIS6_T0_EE
FNDA:0,_ZSt12__niter_baseIPN9sharedLib8PlaylistESt6vectorIS1_SaIS1_EEET_N9__gnu_cxx17__normal_iteratorIS6_T0_EE
FN:1007,_ZSt12__niter_baseIPKN9sharedLib4SongESt6vectorIS1_SaIS1_EEET_N9__gnu_cxx17__normal_iteratorIS7_T0_EE
FNDA:0,_ZSt12__niter_baseIPKN9sharedLib4SongESt6vectorIS1_SaIS1_EEET_N9__gnu_cxx17__normal_iteratorIS7_T0_EE
FN:1007,_ZSt12__niter_baseIPKN9sharedLib8PlatformESt6vectorIS1_SaIS1_EEET_N9__gnu_cxx17__normal_iteratorIS7_T0_EE
FNDA:6,_ZSt12__niter_baseIPKN9sharedLib8PlatformESt6vectorIS1_SaIS1_EEET_N9__gnu_cxx17__normal_iteratorIS7_T0_EE
FN:1054,_ZNSt13move_iteratorIPN9sharedLib7MessageEEC2ES2_
FNDA:0,_ZNSt13move_iteratorIPN9sharedLib7MessageEEC2ES2_
FN:1063,_ZNKSt13move_iteratorIPN9sharedLib7MessageEE4baseEv
FNDA:0,_ZNKSt13move_iteratorIPN9sharedLib7MessageEE4baseEv
FN:1067,_ZNKSt13move_iteratorIPN9sharedLib7MessageEEdeEv
FNDA:0,_ZNKSt13move_iteratorIPN9sharedLib7MessageEEdeEv
FN:1075,_ZNSt13move_iteratorIPN9sharedLib7MessageEEppEv
FNDA:0,_ZNSt13move_iteratorIPN9sharedLib7MessageEEppEv
FN:1142,_ZSteqIPN9sharedLib7MessageEEbRKSt13move_iteratorIT_ES7_
FNDA:0,_ZSteqIPN9sharedLib7MessageEEbRKSt13move_iteratorIT_ES7_
FN:1154,_ZStneIPN9sharedLib7MessageEEbRKSt13move_iteratorIT_ES7_
FNDA:0,_ZStneIPN9sharedLib7MessageEEbRKSt13move_iteratorIT_ES7_
FN:1239,_ZSt32__make_move_if_noexcept_iteratorIN9sharedLib7MessageESt13move_iteratorIPS1_EET0_PT_
FNDA:0,_ZSt32__make_move_if_noexcept_iteratorIN9sharedLib7MessageESt13move_iteratorIPS1_EET0_PT_
DA:803,2
DA:804,2
DA:803,6
DA:804,6
DA:803,20
DA:804,20
DA:803,6
DA:804,6
DA:803,20
DA:804,20
DA:803,6
DA:804,6
DA:803,0
DA:804,0
DA:803,12
DA:804,12
DA:816,2
DA:817,2
DA:816,2
DA:817,2
DA:816,0
DA:817,0
DA:816,5
DA:817,5
DA:816,5
DA:817,5
DA:816,2
DA:817,2
DA:824,2
DA:826,2
DA:827,2
DA:824,2
DA:826,2
DA:827,2
DA:824,0
DA:826,0
DA:827,0
DA:824,3
DA:826,3
DA:827,3
DA:824,3
DA:826,3
DA:827,3
DA:824,2
DA:826,2
DA:827,2
DA:856,0
DA:857,0
DA:856,0
DA:857,0
DA:856,0
DA:857,0
DA:856,0
DA:857,0
DA:868,4
DA:869,4
DA:868,6
DA:869,6
DA:868,46
DA:869,46
DA:868,10
DA:869,10
DA:868,46
DA:869,46
DA:868,10
DA:869,10
DA:868,0
DA:869,0
DA:868,12
DA:869,12
DA:904,5
DA:907,5
DA:904,5
DA:907,5
DA:904,0
DA:907,0
DA:904,3
DA:907,3
DA:904,3
DA:907,3
DA:904,4
DA:907,4
DA:986,1
DA:989,1
DA:1007,0
DA:1009,0
DA:1007,6
DA:1009,6
DA:1007,0
DA:1009,0
DA:1007,0
DA:1009,0
DA:1007,0
DA:1009,0
DA:1007,0
DA:1009,0
DA:1007,0
DA:1009,0
DA:1007,0
DA:1009,0
DA:1054,0
DA:1055,0
DA:1063,0
DA:1064,0
DA:1067,0
DA:1068,0
DA:1075,0
DA:1077,0
DA:1078,0
DA:1142,0
DA:1144,0
DA:1154,0
DA:1156,0
DA:1239,0
DA:1240,0
end_of_record
SF:/usr/include/c++/9/bits/cpp_type_traits.h
FN:428,_ZSt12__miter_baseIPN9sharedLib8PlatformEET_S3_
FNDA:0,_ZSt12__miter_baseIPN9sharedLib8PlatformEET_S3_
FN:428,_ZSt12__miter_baseIN9__gnu_cxx17__normal_iteratorIPKN9sharedLib8PlatformESt6vectorIS3_SaIS3_EEEEET_SA_
FNDA:6,_ZSt12__miter_baseIN9__gnu_cxx17__normal_iteratorIPKN9sharedLib8PlatformESt6vectorIS3_SaIS3_EEEEET_SA_
FN:428,_ZSt12__miter_baseIPN9sharedLib4SongEET_S3_
FNDA:0,_ZSt12__miter_baseIPN9sharedLib4SongEET_S3_
FN:428,_ZSt12__miter_baseIN9__gnu_cxx17__normal_iteratorIPKN9sharedLib4SongESt6vectorIS3_SaIS3_EEEEET_SA_
FNDA:0,_ZSt12__miter_baseIN9__gnu_cxx17__normal_iteratorIPKN9sharedLib4SongESt6vectorIS3_SaIS3_EEEEET_SA_
FN:428,_ZSt12__miter_baseIPN9sharedLib8PlaylistEET_S3_
FNDA:0,_ZSt12__miter_baseIPN9sharedLib8PlaylistEET_S3_
FN:428,_ZSt12__miter_baseIN9__gnu_cxx17__normal_iteratorIPKN9sharedLib8PlaylistESt6vectorIS3_SaIS3_EEEEET_SA_
FNDA:0,_ZSt12__miter_baseIN9__gnu_cxx17__normal_iteratorIPKN9sharedLib8PlaylistESt6vectorIS3_SaIS3_EEEEET_SA_
FN:428,_ZSt12__miter_baseIPN9sharedLib7MessageEET_S3_
FNDA:0,_ZSt12__miter_baseIPN9sharedLib7MessageEET_S3_
FN:428,_ZSt12__miter_baseIN9__gnu_cxx17__normal_iteratorIPKN9sharedLib7MessageESt6vectorIS3_SaIS3_EEEEET_SA_
FNDA:0,_ZSt12__miter_baseIN9__gnu_cxx17__normal_iteratorIPKN9sharedLib7MessageESt6vectorIS3_SaIS3_EEEEET_SA_
DA:428,0
DA:429,0
DA:428,6
DA:429,6
DA:428,0
DA:429,0
DA:428,0
DA:429,0
DA:428,0
DA:429,0
DA:428,0
DA:429,0
DA:428,0
DA:429,0
DA:428,0
DA:429,0
end_of_record
SF:/usr/include/c++/9/bits/basic_string.h
FN:247,_ZNSt7__cxx1112basic_stringIcSt11char_traitsIcESaIcEE16_M_construct_auxIPcEEvT_S7_St12__false_type
FNDA:0,_ZNSt7__cxx1112basic_stringIcSt11char_traitsIcESaIcEE16_M_construct_auxIPcEEvT_S7_St12__false_type
FN:247,_ZNSt7__cxx1112basic_stringIcSt11char_traitsIcESaIcEE16_M_construct_auxIPKcEEvT_S8_St12__false_type
FNDA:0,_ZNSt7__cxx1112basic_stringIcSt11char_traitsIcESaIcEE16_M_construct_auxIPKcEEvT_S8_St12__false_type
FN:267,_ZNSt7__cxx1112basic_stringIcSt11char_traitsIcESaIcEE12_M_constructIPcEEvT_S7_
FNDA:0,_ZNSt7__cxx1112basic_stringIcSt11char_traitsIcESaIcEE12_M_constructIPcEEvT_S7_
FN:267,_ZNSt7__cxx1112basic_stringIcSt11char_traitsIcESaIcEE12_M_constructIPKcEEvT_S8_
FNDA:0,_ZNSt7__cxx1112basic_stringIcSt11char_traitsIcESaIcEE12_M_constructIPKcEEvT_S8_
DA:247,0
DA:251,0
DA:252,0
DA:247,0
DA:251,0
DA:252,0
DA:267,0
DA:270,0
DA:271,0
DA:267,0
DA:270,0
DA:271,0
end_of_record
